INFO  [Thread-4] 2018-05-25 18:39:41,859 repast.simphony.batch.ssh.LocalSession - 10846.904048575647, 7.740434698999935 
INFO  [Thread-4] 2018-05-25 18:39:41,859 repast.simphony.batch.ssh.LocalSession - 61567.05411708135
INFO  [Thread-4] 2018-05-25 18:39:42,611 repast.simphony.batch.ssh.LocalSession - 439.7888970100438, 6.286182447742294 
INFO  [Thread-4] 2018-05-25 18:39:42,611 repast.simphony.batch.ssh.LocalSession - 439.7888970100438, 6.286182447742294 
INFO  [Thread-4] 2018-05-25 18:39:42,611 repast.simphony.batch.ssh.LocalSession - 
INFO  [Thread-4] 2018-05-25 18:39:42,611 repast.simphony.batch.ssh.LocalSession - 64577.94787456303, 34.688552951972596 
INFO  [Thread-4] 2018-05-25 18:39:43,368 repast.simphony.batch.ssh.LocalSession - 61567.05411708135
INFO  [Thread-4] 2018-05-25 18:39:43,867 repast.simphony.batch.ssh.LocalSession - 2618.3198763204323, 28.171360031296754 
INFO  [Thread-4] 2018-05-25 18:39:43,867 repast.simphony.batch.ssh.LocalSession - 2618.3198763204323, 28.171360031296754 
INFO  [Thread-4] 2018-05-25 18:39:43,867 repast.simphony.batch.ssh.LocalSession - 
INFO  [Thread-4] 2018-05-25 18:39:43,867 repast.simphony.batch.ssh.LocalSession - 4733.408413629526, 2.6895998312371763 
INFO  [Thread-4] 2018-05-25 18:39:44,617 repast.simphony.batch.ssh.LocalSession - 61567.05411708135
INFO  [Thread-4] 2018-05-25 18:39:44,617 repast.simphony.batch.ssh.LocalSession - 191.91655572924032, 2.1842849798549686 
INFO  [Thread-4] 2018-05-25 18:39:44,617 repast.simphony.batch.ssh.LocalSession - 191.91655572924032, 2.1842849798549686 
INFO  [Thread-4] 2018-05-25 18:39:45,371 repast.simphony.batch.ssh.LocalSession - 
INFO  [Thread-4] 2018-05-25 18:39:45,371 repast.simphony.batch.ssh.LocalSession - 20808.79228395194, 13.123090509707477 
INFO  [Thread-4] 2018-05-25 18:39:45,371 repast.simphony.batch.ssh.LocalSession - 61567.05411708135
INFO  [Thread-4] 2018-05-25 18:39:45,371 repast.simphony.batch.ssh.LocalSession - 843.6947322191952, 10.657559223762314 
INFO  [Thread-4] 2018-05-25 18:39:45,371 repast.simphony.batch.ssh.LocalSession - 843.6947322191952, 10.657559223762314 
INFO  [Thread-4] 2018-05-25 18:39:45,371 repast.simphony.batch.ssh.LocalSession - 
INFO  [Thread-4] 2018-05-25 18:39:46,899 repast.simphony.batch.ssh.LocalSession - 6784.412242481454, 4.091134286880056 
INFO  [Thread-4] 2018-05-25 18:39:46,899 repast.simphony.batch.ssh.LocalSession - 61567.05411708135
INFO  [Thread-4] 2018-05-25 18:39:46,899 repast.simphony.batch.ssh.LocalSession - 275.0747276476701, 3.3225028755639285 
INFO  [Thread-4] 2018-05-25 18:39:46,900 repast.simphony.batch.ssh.LocalSession - 275.0747276476701, 3.3225028755639285 
INFO  [Thread-4] 2018-05-25 18:39:47,750 repast.simphony.batch.ssh.LocalSession - 
INFO  [Thread-4] 2018-05-25 18:39:47,750 repast.simphony.batch.ssh.LocalSession - 51836.10842857067, 28.71429099940513 
INFO  [Thread-4] 2018-05-25 18:39:47,750 repast.simphony.batch.ssh.LocalSession - 61567.05411708135
INFO  [Thread-4] 2018-05-25 18:39:47,750 repast.simphony.batch.ssh.LocalSession - 2101.7006188127657, 23.31952649935101 
INFO  [Thread-4] 2018-05-25 18:39:48,638 repast.simphony.batch.ssh.LocalSession - 2101.7006188127657, 23.31952649935101 
INFO  [Thread-4] 2018-05-25 18:39:48,638 repast.simphony.batch.ssh.LocalSession - 
INFO  [Thread-4] 2018-05-25 18:39:48,638 repast.simphony.batch.ssh.LocalSession - 4192.212162837386, 3.1175620350299793 
INFO  [Thread-4] 2018-05-25 18:39:48,638 repast.simphony.batch.ssh.LocalSession - 61567.05411708135
INFO  [Thread-4] 2018-05-25 18:39:48,638 repast.simphony.batch.ssh.LocalSession - 169.97369524702736, 2.531842784861322 
INFO  [Thread-4] 2018-05-25 18:39:48,638 repast.simphony.batch.ssh.LocalSession - 169.97369524702736, 2.531842784861322 
INFO  [Thread-4] 2018-05-25 18:39:49,538 repast.simphony.batch.ssh.LocalSession - 
INFO  [Thread-4] 2018-05-25 18:39:50,340 repast.simphony.batch.ssh.LocalSession - 40454.53371821804, 22.516804346775302 
INFO  [Thread-4] 2018-05-25 18:39:50,340 repast.simphony.batch.ssh.LocalSession - 61567.05411708135
INFO  [Thread-4] 2018-05-25 18:39:50,340 repast.simphony.batch.ssh.LocalSession - 1640.2334420324303, 18.28640712933524 
INFO  [Thread-4] 2018-05-25 18:39:50,341 repast.simphony.batch.ssh.LocalSession - 1640.2334420324303, 18.28640712933524 
INFO  [Thread-4] 2018-05-25 18:39:51,100 repast.simphony.batch.ssh.LocalSession - 
INFO  [Thread-4] 2018-05-25 18:39:51,100 repast.simphony.batch.ssh.LocalSession - 38000.36114730808, 21.995768198944482 
INFO  [Thread-4] 2018-05-25 18:39:51,101 repast.simphony.batch.ssh.LocalSession - 61567.05411708135
INFO  [Thread-4] 2018-05-25 18:39:51,101 repast.simphony.batch.ssh.LocalSession - 1540.7287498917708, 17.863261864954094 
INFO  [Thread-4] 2018-05-25 18:39:52,068 repast.simphony.batch.ssh.LocalSession - 1540.7287498917708, 17.863261864954094 
INFO  [Thread-4] 2018-05-25 18:39:52,068 repast.simphony.batch.ssh.LocalSession - 
INFO  [Thread-4] 2018-05-25 18:39:52,068 repast.simphony.batch.ssh.LocalSession - 3052.4355525448436, 1.663670512008494 
INFO  [Thread-4] 2018-05-25 18:39:52,883 repast.simphony.batch.ssh.LocalSession - 61567.05411708135
INFO  [Thread-4] 2018-05-25 18:39:53,396 repast.simphony.batch.ssh.LocalSession - 123.76132939280681, 1.3511045281171898 
INFO  [Thread-4] 2018-05-25 18:39:53,396 repast.simphony.batch.ssh.LocalSession - 123.76132939280681, 1.3511045281171898 
INFO  [Thread-4] 2018-05-25 18:39:53,396 repast.simphony.batch.ssh.LocalSession - 
INFO  [Thread-4] 2018-05-25 18:39:54,154 repast.simphony.batch.ssh.LocalSession - -10458.871721646823, -9.630372772119573 
INFO  [Thread-4] 2018-05-25 18:39:54,154 repast.simphony.batch.ssh.LocalSession - 61567.05411708135
INFO  [Thread-4] 2018-05-25 18:39:54,154 repast.simphony.batch.ssh.LocalSession - -424.05608437520937, -7.821043990350428 
INFO  [Thread-4] 2018-05-25 18:39:54,154 repast.simphony.batch.ssh.LocalSession - 0.0, 0.0 
INFO  [Thread-4] 2018-05-25 18:39:54,975 repast.simphony.batch.ssh.LocalSession - 
INFO  [Thread-4] 2018-05-25 18:39:54,975 repast.simphony.batch.ssh.LocalSession - -3222.4921717781303, -2.685410143148442 
INFO  [Thread-4] 2018-05-25 18:39:54,975 repast.simphony.batch.ssh.LocalSession - 61567.05411708135
INFO  [Thread-4] 2018-05-25 18:39:54,975 repast.simphony.batch.ssh.LocalSession - -130.65629339976556, -2.1808824392033026 
INFO  [Thread-4] 2018-05-25 18:39:55,775 repast.simphony.batch.ssh.LocalSession - 0.0, 0.0 
INFO  [Thread-4] 2018-05-25 18:39:56,333 repast.simphony.batch.ssh.LocalSession - 
INFO  [Thread-4] 2018-05-25 18:39:56,333 repast.simphony.batch.ssh.LocalSession - 21540.39151020976, 13.153412045585942 
INFO  [Thread-4] 2018-05-25 18:39:56,333 repast.simphony.batch.ssh.LocalSession - 61567.05411708135
INFO  [Thread-4] 2018-05-25 18:39:56,333 repast.simphony.batch.ssh.LocalSession - 873.3575019208944, 10.682184030254437 
INFO  [Thread-4] 2018-05-25 18:39:56,333 repast.simphony.batch.ssh.LocalSession - 873.3575019208944, 10.682184030254437 
INFO  [Thread-4] 2018-05-25 18:39:56,333 repast.simphony.batch.ssh.LocalSession - 
INFO  [Thread-4] 2018-05-25 18:39:56,333 repast.simphony.batch.ssh.LocalSession - 2242.4308708545595, 1.535289687461153 
INFO  [Thread-4] 2018-05-25 18:39:56,333 repast.simphony.batch.ssh.LocalSession - 61567.05411708135
INFO  [Thread-4] 2018-05-25 18:39:57,225 repast.simphony.batch.ssh.LocalSession - 90.91960202634046, 1.246843550888037 
INFO  [Thread-4] 2018-05-25 18:39:58,084 repast.simphony.batch.ssh.LocalSession - 90.91960202634046, 1.246843550888037 
INFO  [Thread-4] 2018-05-25 18:39:58,583 repast.simphony.batch.ssh.LocalSession - 
INFO  [Thread-4] 2018-05-25 18:39:58,583 repast.simphony.batch.ssh.LocalSession - 46926.30484839072, 25.133964634023883 
INFO  [Thread-4] 2018-05-25 18:39:58,583 repast.simphony.batch.ssh.LocalSession - 61567.05411708135
INFO  [Thread-4] 2018-05-25 18:39:58,583 repast.simphony.batch.ssh.LocalSession - 1902.6321019905072, 20.411862313752184 
INFO  [Thread-4] 2018-05-25 18:39:59,344 repast.simphony.batch.ssh.LocalSession - 1902.6321019905072, 20.411862313752184 
INFO  [Thread-4] 2018-05-25 18:39:59,344 repast.simphony.batch.ssh.LocalSession - 
INFO  [Thread-4] 2018-05-25 18:39:59,344 repast.simphony.batch.ssh.LocalSession - 43129.88976994812, 24.429848789036143 
INFO  [Thread-4] 2018-05-25 18:40:00,222 repast.simphony.batch.ssh.LocalSession - 61567.05411708135
INFO  [Thread-4] 2018-05-25 18:40:00,825 repast.simphony.batch.ssh.LocalSession - 1748.7060423090063, 19.84003387800412 
INFO  [Thread-4] 2018-05-25 18:40:00,825 repast.simphony.batch.ssh.LocalSession - 1748.7060423090063, 19.84003387800412 
INFO  [Thread-4] 2018-05-25 18:40:01,686 repast.simphony.batch.ssh.LocalSession - 
INFO  [Thread-4] 2018-05-25 18:40:02,448 repast.simphony.batch.ssh.LocalSession - 409666.14237745205, 212.53687524371253 
INFO  [Thread-4] 2018-05-25 18:40:03,213 repast.simphony.batch.ssh.LocalSession - 61567.05411708135
INFO  [Thread-4] 2018-05-25 18:40:03,736 repast.simphony.batch.ssh.LocalSession - 16609.95802043604, 172.60601330667345 
INFO  [Thread-4] 2018-05-25 18:40:03,736 repast.simphony.batch.ssh.LocalSession - 16609.95802043604, 172.60601330667345 
INFO  [pool-2-thread-1] 2018-05-25 18:40:03,736 repast.simphony.batch.ssh.LocalDonePoller - Polled /var/folders/pg/j9dh8h4n3c570h5_drmry24h0000gn/T/simphony_model_1527291347846 for DONE:  no
INFO  [Thread-4] 2018-05-25 18:40:05,028 repast.simphony.batch.ssh.LocalSession - 
INFO  [Thread-4] 2018-05-25 18:40:05,029 repast.simphony.batch.ssh.LocalSession - 611313.9606028466, 304.1422611647878 
INFO  [Thread-4] 2018-05-25 18:40:05,029 repast.simphony.batch.ssh.LocalSession - 61567.05411708135
INFO  [Thread-4] 2018-05-25 18:40:06,341 repast.simphony.batch.ssh.LocalSession - 24785.79060498567, 247.00082335140155 
INFO  [Thread-4] 2018-05-25 18:40:06,341 repast.simphony.batch.ssh.LocalSession - 24785.79060498567, 247.00082335140155 
INFO  [Thread-4] 2018-05-25 18:40:06,341 repast.simphony.batch.ssh.LocalSession - 
INFO  [Thread-4] 2018-05-25 18:40:07,105 repast.simphony.batch.ssh.LocalSession - 451266.72331598, 229.68715097346922 
INFO  [Thread-4] 2018-05-25 18:40:07,105 repast.simphony.batch.ssh.LocalSession - 61567.05411708135
INFO  [Thread-4] 2018-05-25 18:40:07,105 repast.simphony.batch.ssh.LocalSession - 18296.658070883586, 186.53414091948903 
INFO  [Thread-4] 2018-05-25 18:40:07,862 repast.simphony.batch.ssh.LocalSession - 18296.658070883586, 186.53414091948903 
INFO  [Thread-4] 2018-05-25 18:40:08,375 repast.simphony.batch.ssh.LocalSession - 
INFO  [Thread-4] 2018-05-25 18:40:08,375 repast.simphony.batch.ssh.LocalSession - 22467.5477966163, 12.933123363537746 
INFO  [Thread-4] 2018-05-25 18:40:08,376 repast.simphony.batch.ssh.LocalSession - 61567.05411708135
INFO  [Thread-4] 2018-05-25 18:40:09,133 repast.simphony.batch.ssh.LocalSession - 910.9491537626201, 10.503282598955423 
INFO  [Thread-4] 2018-05-25 18:40:09,637 repast.simphony.batch.ssh.LocalSession - 910.9491537626201, 10.503282598955423 
INFO  [Thread-4] 2018-05-25 18:40:09,637 repast.simphony.batch.ssh.LocalSession - 
INFO  [Thread-4] 2018-05-25 18:40:09,637 repast.simphony.batch.ssh.LocalSession - 485.3109914175641, 0.38824879313405125 
INFO  [Thread-4] 2018-05-25 18:40:10,394 repast.simphony.batch.ssh.LocalSession - 61567.05411708135
INFO  [Thread-4] 2018-05-25 18:40:10,893 repast.simphony.batch.ssh.LocalSession - 19.67698660065204, 0.3153056441483484 
INFO  [Thread-4] 2018-05-25 18:40:10,893 repast.simphony.batch.ssh.LocalSession - 19.67698660065204, 0.3153056441483484 
INFO  [Thread-4] 2018-05-25 18:40:10,893 repast.simphony.batch.ssh.LocalSession - 
INFO  [Thread-4] 2018-05-25 18:40:11,664 repast.simphony.batch.ssh.LocalSession - 70455.84303658069, 38.08695825831045 
INFO  [Thread-4] 2018-05-25 18:40:12,203 repast.simphony.batch.ssh.LocalSession - 61567.05411708135
INFO  [Thread-4] 2018-05-25 18:40:12,203 repast.simphony.batch.ssh.LocalSession - 2856.6397709620614, 30.931282001799968 
INFO  [Thread-4] 2018-05-25 18:40:12,203 repast.simphony.batch.ssh.LocalSession - 2856.6397709620614, 30.931282001799968 
INFO  [Thread-4] 2018-05-25 18:40:12,981 repast.simphony.batch.ssh.LocalSession - 
INFO  [Thread-4] 2018-05-25 18:40:13,508 repast.simphony.batch.ssh.LocalSession - -4122.493557106808, -3.584777006179834 
INFO  [Thread-4] 2018-05-25 18:40:13,508 repast.simphony.batch.ssh.LocalSession - 61567.05411708135
INFO  [Thread-4] 2018-05-25 18:40:13,508 repast.simphony.batch.ssh.LocalSession - -167.1469468423196, -2.91127865186038 
INFO  [Thread-4] 2018-05-25 18:40:14,845 repast.simphony.batch.ssh.LocalSession - 0.0, 0.0 
INFO  [Thread-4] 2018-05-25 18:40:14,845 repast.simphony.batch.ssh.LocalSession - 
INFO  [Thread-4] 2018-05-25 18:40:14,845 repast.simphony.batch.ssh.LocalSession - 411738.84669692797, 208.71635687164542 
INFO  [Thread-4] 2018-05-25 18:40:14,845 repast.simphony.batch.ssh.LocalSession - 61567.05411708135
INFO  [Thread-4] 2018-05-25 18:40:14,845 repast.simphony.batch.ssh.LocalSession - 16693.99604109226, 169.50328374874974 
INFO  [Thread-4] 2018-05-25 18:40:15,626 repast.simphony.batch.ssh.LocalSession - 16693.99604109226, 169.50328374874974 
INFO  [Thread-4] 2018-05-25 18:40:16,157 repast.simphony.batch.ssh.LocalSession - 
INFO  [Thread-4] 2018-05-25 18:40:16,157 repast.simphony.batch.ssh.LocalSession - 18261.099065521696, 12.168362413863477 
INFO  [Thread-4] 2018-05-25 18:40:16,157 repast.simphony.batch.ssh.LocalSession - 61567.05411708135
INFO  [Thread-4] 2018-05-25 18:40:17,445 repast.simphony.batch.ssh.LocalSession - 740.3982353168798, 9.882202899234908 
INFO  [Thread-4] 2018-05-25 18:40:17,445 repast.simphony.batch.ssh.LocalSession - 740.3982353168798, 9.882202899234908 
INFO  [Thread-4] 2018-05-25 18:40:17,445 repast.simphony.batch.ssh.LocalSession - 
INFO  [Thread-4] 2018-05-25 18:40:17,445 repast.simphony.batch.ssh.LocalSession - 53856.976161353545, 29.031940160727917 
INFO  [Thread-4] 2018-05-25 18:40:18,705 repast.simphony.batch.ssh.LocalSession - 61567.05411708135
INFO  [Thread-4] 2018-05-25 18:40:18,705 repast.simphony.batch.ssh.LocalSession - 2183.636919458891, 23.577496582440194 
INFO  [Thread-4] 2018-05-25 18:40:18,705 repast.simphony.batch.ssh.LocalSession - 2183.636919458891, 23.577496582440194 
INFO  [Thread-4] 2018-05-25 18:40:19,470 repast.simphony.batch.ssh.LocalSession - 
INFO  [Thread-4] 2018-05-25 18:40:20,003 repast.simphony.batch.ssh.LocalSession - 674877.251652798, 335.0971584051675 
INFO  [Thread-4] 2018-05-25 18:40:20,003 repast.simphony.batch.ssh.LocalSession - 61567.05411708135
INFO  [Thread-4] 2018-05-25 18:40:20,003 repast.simphony.batch.ssh.LocalSession - 27362.971110685576, 272.1399969599951 
INFO  [Thread-4] 2018-05-25 18:40:20,003 repast.simphony.batch.ssh.LocalSession - 27362.971110685576, 272.1399969599951 
INFO  [Thread-4] 2018-05-25 18:40:20,771 repast.simphony.batch.ssh.LocalSession - 
INFO  [Thread-4] 2018-05-25 18:40:21,333 repast.simphony.batch.ssh.LocalSession - 596168.002529593, 292.499559880883 
INFO  [Thread-4] 2018-05-25 18:40:21,334 repast.simphony.batch.ssh.LocalSession - 61567.05411708135
INFO  [Thread-4] 2018-05-25 18:40:21,334 repast.simphony.batch.ssh.LocalSession - 24171.696097892534, 237.5455217693541 
INFO  [Thread-4] 2018-05-25 18:40:22,711 repast.simphony.batch.ssh.LocalSession - 24171.696097892534, 237.5455217693541 
INFO  [Thread-4] 2018-05-25 18:40:22,712 repast.simphony.batch.ssh.LocalSession - 
INFO  [Thread-4] 2018-05-25 18:40:22,712 repast.simphony.batch.ssh.LocalSession - 46299.089701885045, 25.81250712661089 
INFO  [Thread-4] 2018-05-25 18:40:22,712 repast.simphony.batch.ssh.LocalSession - 61567.05411708135
INFO  [Thread-4] 2018-05-25 18:40:23,506 repast.simphony.batch.ssh.LocalSession - 1877.2015960844515, 20.962922050422897 
INFO  [Thread-4] 2018-05-25 18:40:24,056 repast.simphony.batch.ssh.LocalSession - 1877.2015960844515, 20.962922050422897 
INFO  [Thread-4] 2018-05-25 18:40:24,056 repast.simphony.batch.ssh.LocalSession - 
INFO  [Thread-4] 2018-05-25 18:40:24,056 repast.simphony.batch.ssh.LocalSession - -6457.2587780635295, -6.1705756978995385 
INFO  [Thread-4] 2018-05-25 18:40:25,003 repast.simphony.batch.ssh.LocalSession - 61567.05411708135
INFO  [Thread-4] 2018-05-25 18:40:25,527 repast.simphony.batch.ssh.LocalSession - -261.81025507327996, -5.01126437377126 
INFO  [Thread-4] 2018-05-25 18:40:25,527 repast.simphony.batch.ssh.LocalSession - 0.0, 0.0 
INFO  [Thread-4] 2018-05-25 18:40:25,527 repast.simphony.batch.ssh.LocalSession - 
INFO  [Thread-4] 2018-05-25 18:40:25,527 repast.simphony.batch.ssh.LocalSession - -1487.888255168638, -1.2399068793071983 
INFO  [Thread-4] 2018-05-25 18:40:25,527 repast.simphony.batch.ssh.LocalSession - 61567.05411708135
INFO  [Thread-4] 2018-05-25 18:40:25,527 repast.simphony.batch.ssh.LocalSession - -60.32659012049989, -1.006956477850379 
INFO  [Thread-4] 2018-05-25 18:40:25,527 repast.simphony.batch.ssh.LocalSession - 0.0, 0.0 
INFO  [Thread-4] 2018-05-25 18:40:25,527 repast.simphony.batch.ssh.LocalSession - 
INFO  [Thread-4] 2018-05-25 18:40:25,527 repast.simphony.batch.ssh.LocalSession - -3711.7121500484836, -3.2275757826508555 
INFO  [Thread-4] 2018-05-25 18:40:25,528 repast.simphony.batch.ssh.LocalSession - 61567.05411708135
INFO  [Thread-4] 2018-05-25 18:40:26,351 repast.simphony.batch.ssh.LocalSession - -150.49177029485705, -2.6211874426483135 
INFO  [Thread-4] 2018-05-25 18:40:26,858 repast.simphony.batch.ssh.LocalSession - 0.0, 0.0 
INFO  [Thread-4] 2018-05-25 18:40:26,858 repast.simphony.batch.ssh.LocalSession - 
INFO  [Thread-4] 2018-05-25 18:40:26,859 repast.simphony.batch.ssh.LocalSession - 13902.506395812969, 8.142856743381673 
INFO  [Thread-4] 2018-05-25 18:40:28,180 repast.simphony.batch.ssh.LocalSession - 61567.05411708135
INFO  [Thread-4] 2018-05-25 18:40:28,180 repast.simphony.batch.ssh.LocalSession - 563.6786244359322, 6.612998510450489 
INFO  [Thread-4] 2018-05-25 18:40:28,180 repast.simphony.batch.ssh.LocalSession - 563.6786244359322, 6.612998510450489 
INFO  [Thread-4] 2018-05-25 18:40:28,180 repast.simphony.batch.ssh.LocalSession - 
INFO  [Thread-4] 2018-05-25 18:40:28,180 repast.simphony.batch.ssh.LocalSession - -12203.420610358347, -11.65329129823683 
INFO  [Thread-4] 2018-05-25 18:40:28,180 repast.simphony.batch.ssh.LocalSession - 61567.05411708135
INFO  [Thread-4] 2018-05-25 18:40:29,495 repast.simphony.batch.ssh.LocalSession - -494.78900762322934, -9.463901972697851 
INFO  [Thread-4] 2018-05-25 18:40:29,495 repast.simphony.batch.ssh.LocalSession - 0.0, 0.0 
INFO  [Thread-4] 2018-05-25 18:40:29,495 repast.simphony.batch.ssh.LocalSession - 
INFO  [Thread-4] 2018-05-25 18:40:29,495 repast.simphony.batch.ssh.LocalSession - 4392.865173799137, 2.80726261328143 
INFO  [Thread-4] 2018-05-25 18:40:29,495 repast.simphony.batch.ssh.LocalSession - 61567.05411708135
INFO  [Thread-4] 2018-05-25 18:40:30,247 repast.simphony.batch.ssh.LocalSession - 178.1091932635513, 2.27984159185438 
INFO  [Thread-4] 2018-05-25 18:40:30,752 repast.simphony.batch.ssh.LocalSession - 178.1091932635513, 2.27984159185438 
INFO  [Thread-4] 2018-05-25 18:40:30,753 repast.simphony.batch.ssh.LocalSession - 
INFO  [Thread-4] 2018-05-25 18:40:30,753 repast.simphony.batch.ssh.LocalSession - -12250.145250354182, -11.66680500033732 
INFO  [Thread-4] 2018-05-25 18:40:30,753 repast.simphony.batch.ssh.LocalSession - 61567.05411708135
INFO  [Thread-4] 2018-05-25 18:40:30,753 repast.simphony.batch.ssh.LocalSession - -496.68346320197656, -9.47487675644728 
INFO  [Thread-4] 2018-05-25 18:40:31,560 repast.simphony.batch.ssh.LocalSession - 0.0, 0.0 
INFO  [Thread-4] 2018-05-25 18:40:31,560 repast.simphony.batch.ssh.LocalSession - 
INFO  [Thread-4] 2018-05-25 18:40:31,561 repast.simphony.batch.ssh.LocalSession - 488850.2540876133, 248.71768086130623 
INFO  [Thread-4] 2018-05-25 18:40:31,561 repast.simphony.batch.ssh.LocalSession - 61567.05411708135
INFO  [Thread-4] 2018-05-25 18:40:31,561 repast.simphony.batch.ssh.LocalSession - 19820.48638814155, 201.98926554803379 
INFO  [Thread-4] 2018-05-25 18:40:31,561 repast.simphony.batch.ssh.LocalSession - 19820.48638814155, 201.98926554803379 
INFO  [Thread-4] 2018-05-25 18:40:31,561 repast.simphony.batch.ssh.LocalSession - 
INFO  [Thread-4] 2018-05-25 18:40:31,561 repast.simphony.batch.ssh.LocalSession - 52242.777593595965, 28.391918034116646 
INFO  [Thread-4] 2018-05-25 18:40:31,561 repast.simphony.batch.ssh.LocalSession - 61567.05411708135
INFO  [Thread-4] 2018-05-25 18:40:31,561 repast.simphony.batch.ssh.LocalSession - 2118.189064062538, 23.05772010800132 
INFO  [Thread-4] 2018-05-25 18:40:32,339 repast.simphony.batch.ssh.LocalSession - 2118.189064062538, 23.05772010800132 
INFO  [Thread-4] 2018-05-25 18:40:32,339 repast.simphony.batch.ssh.LocalSession - 
INFO  [Thread-4] 2018-05-25 18:40:32,339 repast.simphony.batch.ssh.LocalSession - 3331.1908358862697, 2.5624544891432848 
INFO  [Thread-4] 2018-05-25 18:40:32,339 repast.simphony.batch.ssh.LocalSession - 61567.05411708135
INFO  [Thread-4] 2018-05-25 18:40:33,373 repast.simphony.batch.ssh.LocalSession - 135.0634924844538, 2.0810273659271523 
INFO  [Thread-4] 2018-05-25 18:40:33,941 repast.simphony.batch.ssh.LocalSession - 135.0634924844538, 2.0810273659271523 
INFO  [Thread-4] 2018-05-25 18:40:33,941 repast.simphony.batch.ssh.LocalSession - 
INFO  [Thread-4] 2018-05-25 18:40:33,941 repast.simphony.batch.ssh.LocalSession - 50749.43331012918, 27.407284928549064 
INFO  [Thread-4] 2018-05-25 18:40:33,941 repast.simphony.batch.ssh.LocalSession - 61567.05411708135
INFO  [Thread-4] 2018-05-25 18:40:33,941 repast.simphony.batch.ssh.LocalSession - 2057.641258684988, 22.258077247312293 
INFO  [Thread-4] 2018-05-25 18:40:35,263 repast.simphony.batch.ssh.LocalSession - 2057.641258684988, 22.258077247312293 
INFO  [Thread-4] 2018-05-25 18:40:35,263 repast.simphony.batch.ssh.LocalSession - 
INFO  [Thread-4] 2018-05-25 18:40:36,540 repast.simphony.batch.ssh.LocalSession - 15674.9230990837, 9.659273911300803 
INFO  [Thread-4] 2018-05-25 18:40:37,296 repast.simphony.batch.ssh.LocalSession - 61567.05411708135
INFO  [Thread-4] 2018-05-25 18:40:37,908 repast.simphony.batch.ssh.LocalSession - 309.7850987624289, 7.252264774213358 
INFO  [Thread-4] 2018-05-25 18:40:37,908 repast.simphony.batch.ssh.LocalSession - 
INFO  [Thread-4] 2018-05-25 18:40:37,908 repast.simphony.batch.ssh.LocalSession - -22174.736606034603, -20.07174408946556 
INFO  [Thread-4] 2018-05-25 18:40:37,908 repast.simphony.batch.ssh.LocalSession - 59545.40092130506
INFO  [Thread-4] 2018-05-25 18:40:37,908 repast.simphony.batch.ssh.LocalSession - -989.4875568490843, -16.85415143647474 
INFO  [Thread-4] 2018-05-25 18:40:37,908 repast.simphony.batch.ssh.LocalSession - 0.0, 0.0 
INFO  [Thread-4] 2018-05-25 18:40:38,665 repast.simphony.batch.ssh.LocalSession - 635.5414512372786, 7.844515260492953 
INFO  [Thread-4] 2018-05-25 18:40:39,173 repast.simphony.batch.ssh.LocalSession - 635.5414512372786, 7.844515260492953 
INFO  [Thread-4] 2018-05-25 18:40:39,173 repast.simphony.batch.ssh.LocalSession - 
INFO  [Thread-4] 2018-05-25 18:40:39,173 repast.simphony.batch.ssh.LocalSession - 444992.8638298676, 239.08195486889556 
INFO  [Thread-4] 2018-05-25 18:40:39,173 repast.simphony.batch.ssh.LocalSession - 59545.40092130506
INFO  [Thread-4] 2018-05-25 18:40:40,474 repast.simphony.batch.ssh.LocalSession - 19856.601206549, 200.75602075873604 
INFO  [Thread-4] 2018-05-25 18:40:40,474 repast.simphony.batch.ssh.LocalSession - 19856.601206549, 200.75602075873604 
INFO  [Thread-4] 2018-05-25 18:40:40,474 repast.simphony.batch.ssh.LocalSession - 
INFO  [Thread-4] 2018-05-25 18:40:40,474 repast.simphony.batch.ssh.LocalSession - 47112.75210579635, 29.318569146418227 
INFO  [Thread-4] 2018-05-25 18:40:40,474 repast.simphony.batch.ssh.LocalSession - 59545.40092130506
INFO  [Thread-4] 2018-05-25 18:40:41,272 repast.simphony.batch.ssh.LocalSession - 2102.278949501234, 24.618668018681678 
INFO  [Thread-4] 2018-05-25 18:40:41,796 repast.simphony.batch.ssh.LocalSession - 2102.278949501234, 24.618668018681678 
INFO  [Thread-4] 2018-05-25 18:40:41,796 repast.simphony.batch.ssh.LocalSession - 
INFO  [Thread-4] 2018-05-25 18:40:41,796 repast.simphony.batch.ssh.LocalSession - 67146.6710775313, 37.74498491021272 
INFO  [Thread-4] 2018-05-25 18:40:42,573 repast.simphony.batch.ssh.LocalSession - 59545.40092130506
INFO  [Thread-4] 2018-05-25 18:40:43,099 repast.simphony.batch.ssh.LocalSession - 2996.2383182028148, 31.69429068090105 
INFO  [Thread-4] 2018-05-25 18:40:43,099 repast.simphony.batch.ssh.LocalSession - 2996.2383182028148, 31.69429068090105 
INFO  [Thread-4] 2018-05-25 18:40:43,923 repast.simphony.batch.ssh.LocalSession - 
INFO  [Thread-4] 2018-05-25 18:40:44,446 repast.simphony.batch.ssh.LocalSession - 3054.889079253306, 4.062805819908488 
INFO  [Thread-4] 2018-05-25 18:40:44,446 repast.simphony.batch.ssh.LocalSession - 59545.40092130506
INFO  [Thread-4] 2018-05-25 18:40:44,446 repast.simphony.batch.ssh.LocalSession - 136.31615045441796, 3.411519409599638 
INFO  [Thread-4] 2018-05-25 18:40:44,446 repast.simphony.batch.ssh.LocalSession - 136.31615045441796, 3.411519409599638 
INFO  [Thread-4] 2018-05-25 18:40:45,717 repast.simphony.batch.ssh.LocalSession - 
INFO  [Thread-4] 2018-05-25 18:40:45,717 repast.simphony.batch.ssh.LocalSession - 448695.6605003691, 225.30438525923148 
INFO  [Thread-4] 2018-05-25 18:40:45,717 repast.simphony.batch.ssh.LocalSession - 59545.40092130506
INFO  [Thread-4] 2018-05-25 18:40:45,717 repast.simphony.batch.ssh.LocalSession - 
INFO  [Thread-4] 2018-05-25 18:40:46,986 repast.simphony.batch.ssh.LocalSession - 20021.828478290583, 189.18705875957806 
INFO  [Thread-4] 2018-05-25 18:40:46,986 repast.simphony.batch.ssh.LocalSession - 20021.828478290583, 189.18705875957806 
INFO  [Thread-4] 2018-05-25 18:40:46,986 repast.simphony.batch.ssh.LocalSession - -873.7173359579158, -0.6989738687663326 
INFO  [Thread-4] 2018-05-25 18:40:46,987 repast.simphony.batch.ssh.LocalSession - 61567.05411708135
INFO  [Thread-4] 2018-05-25 18:40:48,244 repast.simphony.batch.ssh.LocalSession - -35.424963819970664, -0.5676525203212599 
INFO  [Thread-4] 2018-05-25 18:40:48,245 repast.simphony.batch.ssh.LocalSession - 0.0, 0.0 
INFO  [Thread-4] 2018-05-25 18:40:48,245 repast.simphony.batch.ssh.LocalSession - 
INFO  [Thread-4] 2018-05-25 18:40:49,001 repast.simphony.batch.ssh.LocalSession - 22628.489041967885, 14.142805651229926 
INFO  [Thread-4] 2018-05-25 18:40:49,501 repast.simphony.batch.ssh.LocalSession - 61567.05411708135
INFO  [Thread-4] 2018-05-25 18:40:49,501 repast.simphony.batch.ssh.LocalSession - 917.4745339503327, 11.48569300094716 
INFO  [Thread-4] 2018-05-25 18:40:49,501 repast.simphony.batch.ssh.LocalSession - 917.4745339503327, 11.48569300094716 
INFO  [Thread-4] 2018-05-25 18:40:50,256 repast.simphony.batch.ssh.LocalSession - 
INFO  [Thread-4] 2018-05-25 18:40:50,758 repast.simphony.batch.ssh.LocalSession - 51485.88309397829, 28.116107559440497 
INFO  [Thread-4] 2018-05-25 18:40:50,758 repast.simphony.batch.ssh.LocalSession - 61567.05411708135
INFO  [Thread-4] 2018-05-25 18:40:50,758 repast.simphony.batch.ssh.LocalSession - 2087.500694768487, 22.833728170567024 
INFO  [Thread-4] 2018-05-25 18:40:52,015 repast.simphony.batch.ssh.LocalSession - 2087.500694768487, 22.833728170567024 
INFO  [Thread-4] 2018-05-25 18:40:52,015 repast.simphony.batch.ssh.LocalSession - 
INFO  [Thread-4] 2018-05-25 18:40:52,774 repast.simphony.batch.ssh.LocalSession - 15951.622372445692, 10.391563912587689 
INFO  [Thread-4] 2018-05-25 18:40:52,774 repast.simphony.batch.ssh.LocalSession - 61567.05411708135
INFO  [Thread-4] 2018-05-25 18:40:53,278 repast.simphony.batch.ssh.LocalSession - 646.7602531820908, 8.43922456710871 
INFO  [Thread-4] 2018-05-25 18:40:54,028 repast.simphony.batch.ssh.LocalSession - 646.7602531820908, 8.43922456710871 
INFO  [Thread-4] 2018-05-25 18:40:54,530 repast.simphony.batch.ssh.LocalSession - 
INFO  [Thread-4] 2018-05-25 18:40:55,285 repast.simphony.batch.ssh.LocalSession - 139387.05297195847, 72.11055121066681 
INFO  [Thread-4] 2018-05-25 18:40:55,786 repast.simphony.batch.ssh.LocalSession - 61567.05411708135
INFO  [Thread-4] 2018-05-25 18:40:57,343 repast.simphony.batch.ssh.LocalSession - 5651.46312804969, 58.562612946800265 
INFO  [Thread-4] 2018-05-25 18:40:57,994 repast.simphony.batch.ssh.LocalSession - 5651.46312804969, 58.562612946800265 
INFO  [Thread-4] 2018-05-25 18:40:58,862 repast.simphony.batch.ssh.LocalSession - 
INFO  [Thread-4] 2018-05-25 18:41:00,220 repast.simphony.batch.ssh.LocalSession - 32902.44876954047, 19.83486793274942 
INFO  [Thread-4] 2018-05-25 18:41:01,388 repast.simphony.batch.ssh.LocalSession - 61567.05411708135
INFO  [Thread-4] 2018-05-25 18:41:01,388 repast.simphony.batch.ssh.LocalSession - 1334.0333415400507, 16.108345784280733 
INFO  [Thread-4] 2018-05-25 18:41:01,388 repast.simphony.batch.ssh.LocalSession - 1334.0333415400507, 16.108345784280733 
INFO  [Thread-4] 2018-05-25 18:41:01,388 repast.simphony.batch.ssh.LocalSession - 
INFO  [Thread-4] 2018-05-25 18:41:02,826 repast.simphony.batch.ssh.LocalSession - -13997.248838543985, -13.409739394866397 
INFO  [Thread-4] 2018-05-25 18:41:03,947 repast.simphony.batch.ssh.LocalSession - 61567.05411708135
INFO  [Thread-4] 2018-05-25 18:41:03,947 repast.simphony.batch.ssh.LocalSession - -567.5199670164617, -10.890353279990668 
INFO  [Thread-4] 2018-05-25 18:41:03,947 repast.simphony.batch.ssh.LocalSession - 0.0, 0.0 
INFO  [Thread-4] 2018-05-25 18:41:04,799 repast.simphony.batch.ssh.LocalSession - 
INFO  [Thread-4] 2018-05-25 18:41:05,387 repast.simphony.batch.ssh.LocalSession - 39874.48801537973, 23.361943406390328 
INFO  [Thread-4] 2018-05-25 18:41:05,387 repast.simphony.batch.ssh.LocalSession - 61567.05411708135
INFO  [Thread-4] 2018-05-25 18:41:05,387 repast.simphony.batch.ssh.LocalSession - 1616.7154263180594, 18.97276371382265 
INFO  [Thread-4] 2018-05-25 18:41:05,925 repast.simphony.batch.ssh.LocalSession - 1616.7154263180594, 18.97276371382265 
INFO  [Thread-4] 2018-05-25 18:41:06,436 repast.simphony.batch.ssh.LocalSession - 
INFO  [Thread-4] 2018-05-25 18:41:06,436 repast.simphony.batch.ssh.LocalSession - 12022.008077096783, 8.291040053170196 
INFO  [Thread-4] 2018-05-25 18:41:07,701 repast.simphony.batch.ssh.LocalSession - 61567.05411708135
INFO  [Thread-4] 2018-05-25 18:41:08,763 repast.simphony.batch.ssh.LocalSession - 487.4336168546185, 6.733341534746183 
INFO  [Thread-4] 2018-05-25 18:41:08,763 repast.simphony.batch.ssh.LocalSession - 487.4336168546185, 6.733341534746183 
INFO  [Thread-4] 2018-05-25 18:41:08,763 repast.simphony.batch.ssh.LocalSession - 
INFO  [Thread-4] 2018-05-25 18:41:08,763 repast.simphony.batch.ssh.LocalSession - 449951.79226873576, 224.25462119819997 
INFO  [Thread-4] 2018-05-25 18:41:09,549 repast.simphony.batch.ssh.LocalSession - 61567.05411708135
INFO  [Thread-4] 2018-05-25 18:41:11,241 repast.simphony.batch.ssh.LocalSession - 18243.34404945203, 182.12226036650833 
INFO  [Thread-4] 2018-05-25 18:41:11,241 repast.simphony.batch.ssh.LocalSession - 18243.34404945203, 182.12226036650833 
INFO  [Thread-4] 2018-05-25 18:41:12,622 repast.simphony.batch.ssh.LocalSession - 
INFO  [Thread-4] 2018-05-25 18:41:13,688 repast.simphony.batch.ssh.LocalSession - -5084.82017461151, -4.421582760531748 
INFO  [Thread-4] 2018-05-25 18:41:13,688 repast.simphony.batch.ssh.LocalSession - 61567.05411708135
INFO  [Thread-4] 2018-05-25 18:41:13,688 repast.simphony.batch.ssh.LocalSession - -206.16458355971776, -3.590867570278152 
INFO  [pool-2-thread-1] 2018-05-25 18:41:08,764 repast.simphony.batch.ssh.LocalDonePoller - Polled /var/folders/pg/j9dh8h4n3c570h5_drmry24h0000gn/T/simphony_model_1527291347846 for DONE:  no
INFO  [Thread-4] 2018-05-25 18:41:16,048 repast.simphony.batch.ssh.LocalSession - 0.0, 0.0 
INFO  [Thread-4] 2018-05-25 18:41:16,833 repast.simphony.batch.ssh.LocalSession - 
INFO  [Thread-4] 2018-05-25 18:41:16,834 repast.simphony.batch.ssh.LocalSession - 10701.485535975551, 7.251446772955954 
INFO  [Thread-4] 2018-05-25 18:41:17,647 repast.simphony.batch.ssh.LocalSession - 61567.05411708135
INFO  [Thread-4] 2018-05-25 18:41:18,198 repast.simphony.batch.ssh.LocalSession - 433.8928876994761, 5.88906427061295 
INFO  [Thread-4] 2018-05-25 18:41:19,233 repast.simphony.batch.ssh.LocalSession - 433.8928876994761, 5.88906427061295 
INFO  [Thread-4] 2018-05-25 18:41:19,233 repast.simphony.batch.ssh.LocalSession - 
INFO  [Thread-4] 2018-05-25 18:41:19,233 repast.simphony.batch.ssh.LocalSession - 574970.3766417082, 280.20725217826833 
INFO  [Thread-4] 2018-05-25 18:41:21,635 repast.simphony.batch.ssh.LocalSession - 61567.05411708135
INFO  [Thread-4] 2018-05-25 18:41:21,635 repast.simphony.batch.ssh.LocalSession - 23312.236065175774, 227.56266009203677 
INFO  [Thread-4] 2018-05-25 18:41:21,635 repast.simphony.batch.ssh.LocalSession - 23312.236065175774, 227.56266009203677 
INFO  [Thread-4] 2018-05-25 18:41:23,035 repast.simphony.batch.ssh.LocalSession - 
INFO  [Thread-4] 2018-05-25 18:41:24,139 repast.simphony.batch.ssh.LocalSession - 52082.23480203695, 28.871450583377595 
INFO  [Thread-4] 2018-05-25 18:41:24,139 repast.simphony.batch.ssh.LocalSession - 61567.05411708135
INFO  [Thread-4] 2018-05-25 18:41:24,139 repast.simphony.batch.ssh.LocalSession - 2111.6798392269106, 23.447159359349154 
INFO  [Thread-4] 2018-05-25 18:41:25,092 repast.simphony.batch.ssh.LocalSession - 2111.6798392269106, 23.447159359349154 
INFO  [Thread-4] 2018-05-25 18:41:25,092 repast.simphony.batch.ssh.LocalSession - 
INFO  [Thread-4] 2018-05-25 18:41:25,092 repast.simphony.batch.ssh.LocalSession - 50147.982916942856, 26.992571916039545 
INFO  [Thread-4] 2018-05-25 18:41:26,858 repast.simphony.batch.ssh.LocalSession - 61567.05411708135
INFO  [Thread-4] 2018-05-25 18:41:26,859 repast.simphony.batch.ssh.LocalSession - 2033.2553874869848, 21.921279410825864 
INFO  [Thread-4] 2018-05-25 18:41:26,859 repast.simphony.batch.ssh.LocalSession - 2033.2553874869848, 21.921279410825864 
INFO  [Thread-4] 2018-05-25 18:41:29,849 repast.simphony.batch.ssh.LocalSession - 
INFO  [Thread-4] 2018-05-25 18:41:29,849 repast.simphony.batch.ssh.LocalSession - 31846.811439179804, 18.627173854062324 
INFO  [Thread-4] 2018-05-25 18:41:30,627 repast.simphony.batch.ssh.LocalSession - 61567.05411708135
INFO  [Thread-4] 2018-05-25 18:41:32,250 repast.simphony.batch.ssh.LocalSession - 1291.2324118846523, 15.127550051882652 
INFO  [Thread-4] 2018-05-25 18:41:32,250 repast.simphony.batch.ssh.LocalSession - 1291.2324118846523, 15.127550051882652 
INFO  [Thread-4] 2018-05-25 18:41:32,250 repast.simphony.batch.ssh.LocalSession - 
INFO  [Thread-4] 2018-05-25 18:41:32,250 repast.simphony.batch.ssh.LocalSession - 8621.046532419108, 5.515519267717664 
INFO  [Thread-4] 2018-05-25 18:41:32,251 repast.simphony.batch.ssh.LocalSession - 61567.05411708135
INFO  [Thread-4] 2018-05-25 18:41:32,251 repast.simphony.batch.ssh.LocalSession - 349.5412634412243, 4.479278200666274 
INFO  [Thread-4] 2018-05-25 18:41:32,251 repast.simphony.batch.ssh.LocalSession - 349.5412634412243, 4.479278200666274 
INFO  [Thread-4] 2018-05-25 18:41:32,251 repast.simphony.batch.ssh.LocalSession - 
INFO  [Thread-4] 2018-05-25 18:41:32,251 repast.simphony.batch.ssh.LocalSession - 26587.56796960766, 16.209070448014323 
INFO  [Thread-4] 2018-05-25 18:41:32,251 repast.simphony.batch.ssh.LocalSession - 61567.05411708135
INFO  [Thread-4] 2018-05-25 18:41:32,251 repast.simphony.batch.ssh.LocalSession - 1077.9958169786491, 13.163753472100291 
INFO  [Thread-4] 2018-05-25 18:41:33,535 repast.simphony.batch.ssh.LocalSession - 1077.9958169786491, 13.163753472100291 
INFO  [Thread-4] 2018-05-25 18:41:34,582 repast.simphony.batch.ssh.LocalSession - 
INFO  [Thread-4] 2018-05-25 18:41:34,583 repast.simphony.batch.ssh.LocalSession - 318087.6032335105, 162.37780086687408 
INFO  [Thread-4] 2018-05-25 18:41:34,583 repast.simphony.batch.ssh.LocalSession - 61567.05411708135
INFO  [Thread-4] 2018-05-25 18:41:34,583 repast.simphony.batch.ssh.LocalSession - 12896.896252807155, 131.87069220339998 
INFO  [Thread-4] 2018-05-25 18:41:35,350 repast.simphony.batch.ssh.LocalSession - 12896.896252807155, 131.87069220339998 
INFO  [Thread-4] 2018-05-25 18:41:35,876 repast.simphony.batch.ssh.LocalSession - 
INFO  [Thread-4] 2018-05-25 18:41:36,930 repast.simphony.batch.ssh.LocalSession - -10895.238685543236, -10.755173281790007 
INFO  [Thread-4] 2018-05-25 18:41:38,312 repast.simphony.batch.ssh.LocalSession - 61567.05411708135
INFO  [Thread-4] 2018-05-25 18:41:38,312 repast.simphony.batch.ssh.LocalSession - -441.74863009002325, -8.734519976655875 
INFO  [Thread-4] 2018-05-25 18:41:38,312 repast.simphony.batch.ssh.LocalSession - 0.0, 0.0 
INFO  [Thread-4] 2018-05-25 18:41:38,312 repast.simphony.batch.ssh.LocalSession - 
INFO  [Thread-4] 2018-05-25 18:41:38,312 repast.simphony.batch.ssh.LocalSession - -3866.908447468855, -3.362529084755526 
INFO  [Thread-4] 2018-05-25 18:41:38,312 repast.simphony.batch.ssh.LocalSession - 61567.05411708135
INFO  [Thread-4] 2018-05-25 18:41:38,312 repast.simphony.batch.ssh.LocalSession - -156.7842209477703, -2.7307860778599573 
INFO  [Thread-4] 2018-05-25 18:41:38,312 repast.simphony.batch.ssh.LocalSession - 0.0, 0.0 
INFO  [Thread-4] 2018-05-25 18:41:38,312 repast.simphony.batch.ssh.LocalSession - 
INFO  [Thread-4] 2018-05-25 18:41:38,312 repast.simphony.batch.ssh.LocalSession - -7674.555225555447, -7.18124258321054 
INFO  [Thread-4] 2018-05-25 18:41:38,317 repast.simphony.batch.ssh.LocalSession - 61567.05411708135
INFO  [Thread-4] 2018-05-25 18:41:38,317 repast.simphony.batch.ssh.LocalSession - -311.16567110528723, -5.832049857017728 
INFO  [Thread-4] 2018-05-25 18:41:39,545 repast.simphony.batch.ssh.LocalSession - 0.0, 0.0 
INFO  [Thread-4] 2018-05-25 18:41:39,545 repast.simphony.batch.ssh.LocalSession - 
INFO  [Thread-4] 2018-05-25 18:41:39,545 repast.simphony.batch.ssh.LocalSession - 723750.5759644344, 346.1650457100954 
INFO  [Thread-4] 2018-05-25 18:41:40,332 repast.simphony.batch.ssh.LocalSession - 61567.05411708135
INFO  [Thread-4] 2018-05-25 18:41:41,445 repast.simphony.batch.ssh.LocalSession - 29344.545327252115, 281.1284790821706 
INFO  [Thread-4] 2018-05-25 18:41:41,445 repast.simphony.batch.ssh.LocalSession - 29344.545327252115, 281.1284790821706 
INFO  [Thread-4] 2018-05-25 18:41:41,445 repast.simphony.batch.ssh.LocalSession - 
INFO  [Thread-4] 2018-05-25 18:41:41,445 repast.simphony.batch.ssh.LocalSession - 29671.79822073988, 17.619108486130823 
INFO  [Thread-4] 2018-05-25 18:41:41,445 repast.simphony.batch.ssh.LocalSession - 61567.05411708135
INFO  [Thread-4] 2018-05-25 18:41:41,445 repast.simphony.batch.ssh.LocalSession - 1203.046265862132, 14.30887731986069 
INFO  [Thread-4] 2018-05-25 18:41:41,445 repast.simphony.batch.ssh.LocalSession - 1203.046265862132, 14.30887731986069 
INFO  [Thread-4] 2018-05-25 18:41:41,445 repast.simphony.batch.ssh.LocalSession - 
INFO  [Thread-4] 2018-05-25 18:41:41,445 repast.simphony.batch.ssh.LocalSession - 711221.1131502732, 343.0138983417627 
INFO  [Thread-4] 2018-05-25 18:41:41,445 repast.simphony.batch.ssh.LocalSession - 61567.05411708135
INFO  [Thread-4] 2018-05-25 18:41:41,990 repast.simphony.batch.ssh.LocalSession - 28836.536903236243, 278.5693608869584 
INFO  [Thread-4] 2018-05-25 18:41:41,991 repast.simphony.batch.ssh.LocalSession - 28836.536903236243, 278.5693608869584 
INFO  [Thread-4] 2018-05-25 18:41:41,991 repast.simphony.batch.ssh.LocalSession - 
INFO  [Thread-4] 2018-05-25 18:41:42,783 repast.simphony.batch.ssh.LocalSession - 36432.94240649911, 20.93376574342522 
INFO  [Thread-4] 2018-05-25 18:41:43,898 repast.simphony.batch.ssh.LocalSession - 61567.05411708135
INFO  [Thread-4] 2018-05-25 18:41:44,486 repast.simphony.batch.ssh.LocalSession - 1477.1775876351296, 17.00078560167563 
INFO  [Thread-4] 2018-05-25 18:41:44,486 repast.simphony.batch.ssh.LocalSession - 1477.1775876351296, 17.00078560167563 
INFO  [Thread-4] 2018-05-25 18:41:44,486 repast.simphony.batch.ssh.LocalSession - 
INFO  [Thread-4] 2018-05-25 18:41:45,265 repast.simphony.batch.ssh.LocalSession - 538541.5268679095, 272.1333193047541 
INFO  [Thread-4] 2018-05-25 18:41:46,846 repast.simphony.batch.ssh.LocalSession - 61567.05411708135
INFO  [Thread-4] 2018-05-25 18:41:46,846 repast.simphony.batch.ssh.LocalSession - 21835.224413775824, 221.00563621839152 
INFO  [Thread-4] 2018-05-25 18:41:46,846 repast.simphony.batch.ssh.LocalSession - 21835.224413775824, 221.00563621839152 
INFO  [Thread-4] 2018-05-25 18:41:48,160 repast.simphony.batch.ssh.LocalSession - 
INFO  [Thread-4] 2018-05-25 18:41:49,211 repast.simphony.batch.ssh.LocalSession - 341208.4924651956, 177.96203790075884 
INFO  [Thread-4] 2018-05-25 18:41:49,211 repast.simphony.batch.ssh.LocalSession - 61567.05411708135
INFO  [Thread-4] 2018-05-25 18:41:49,211 repast.simphony.batch.ssh.LocalSession - 13834.335205669418, 144.52700429870373 
INFO  [Thread-4] 2018-05-25 18:41:50,484 repast.simphony.batch.ssh.LocalSession - 13834.335205669418, 144.52700429870373 
INFO  [Thread-4] 2018-05-25 18:41:51,488 repast.simphony.batch.ssh.LocalSession - 
INFO  [Thread-4] 2018-05-25 18:41:51,488 repast.simphony.batch.ssh.LocalSession - 633725.0035694386, 311.5234088250683 
INFO  [Thread-4] 2018-05-25 18:41:51,488 repast.simphony.batch.ssh.LocalSession - 61567.05411708135
INFO  [Thread-4] 2018-05-25 18:41:53,307 repast.simphony.batch.ssh.LocalSession - 25694.44876430777, 252.99522065214285 
INFO  [Thread-4] 2018-05-25 18:41:55,084 repast.simphony.batch.ssh.LocalSession - 25694.44876430777, 252.99522065214285 
INFO  [Thread-4] 2018-05-25 18:41:55,590 repast.simphony.batch.ssh.LocalSession - 
INFO  [Thread-4] 2018-05-25 18:41:56,089 repast.simphony.batch.ssh.LocalSession - 793646.8825906926, 380.83410519784786 
INFO  [Thread-4] 2018-05-25 18:41:57,344 repast.simphony.batch.ssh.LocalSession - 61567.05411708135
INFO  [Thread-4] 2018-05-25 18:41:58,402 repast.simphony.batch.ssh.LocalSession - 32178.498633981555, 309.2840080293756 
INFO  [Thread-4] 2018-05-25 18:41:58,402 repast.simphony.batch.ssh.LocalSession - 32178.498633981555, 309.2840080293756 
INFO  [Thread-4] 2018-05-25 18:41:58,402 repast.simphony.batch.ssh.LocalSession - 
INFO  [Thread-4] 2018-05-25 18:41:58,402 repast.simphony.batch.ssh.LocalSession - -6363.00298110096, -5.807742096751716 
INFO  [Thread-4] 2018-05-25 18:42:00,295 repast.simphony.batch.ssh.LocalSession - 61567.05411708135
INFO  [Thread-4] 2018-05-25 18:42:01,595 repast.simphony.batch.ssh.LocalSession - -257.9886435980301, -4.716598983043107 
INFO  [Thread-4] 2018-05-25 18:42:03,180 repast.simphony.batch.ssh.LocalSession - 0.0, 0.0 
INFO  [Thread-4] 2018-05-25 18:42:03,181 repast.simphony.batch.ssh.LocalSession - 
INFO  [Thread-4] 2018-05-25 18:42:03,181 repast.simphony.batch.ssh.LocalSession - 434985.98075134296, 218.5323353547291 
INFO  [Thread-4] 2018-05-25 18:42:03,181 repast.simphony.batch.ssh.LocalSession - 61567.05411708135
INFO  [Thread-4] 2018-05-25 18:42:03,958 repast.simphony.batch.ssh.LocalSession - 17636.553603936965, 177.47506234352926 
INFO  [Thread-4] 2018-05-25 18:42:06,083 repast.simphony.batch.ssh.LocalSession - 17636.553603936965, 177.47506234352926 
INFO  [Thread-4] 2018-05-25 18:42:06,084 repast.simphony.batch.ssh.LocalSession - 
INFO  [Thread-4] 2018-05-25 18:42:06,084 repast.simphony.batch.ssh.LocalSession - 22366.24849870865, 13.865142587598054 
INFO  [Thread-4] 2018-05-25 18:42:07,692 repast.simphony.batch.ssh.LocalSession - 61567.05411708135
INFO  [Thread-4] 2018-05-25 18:42:09,221 repast.simphony.batch.ssh.LocalSession - 906.8419627802728, 11.260196534034968 
INFO  [Thread-4] 2018-05-25 18:42:10,649 repast.simphony.batch.ssh.LocalSession - 906.8419627802728, 11.260196534034968 
INFO  [Thread-4] 2018-05-25 18:42:11,733 repast.simphony.batch.ssh.LocalSession - 
INFO  [Thread-4] 2018-05-25 18:42:11,733 repast.simphony.batch.ssh.LocalSession - 7391.097766136123, 5.474887234174906 
INFO  [Thread-4] 2018-05-25 18:42:11,733 repast.simphony.batch.ssh.LocalSession - 61567.05411708135
INFO  [Thread-4] 2018-05-25 18:42:13,066 repast.simphony.batch.ssh.LocalSession - 299.6728577763389, 4.44628000534456 
INFO  [Thread-4] 2018-05-25 18:42:14,252 repast.simphony.batch.ssh.LocalSession - 299.6728577763389, 4.44628000534456 
INFO  [Thread-4] 2018-05-25 18:42:14,252 repast.simphony.batch.ssh.LocalSession - 
INFO  [Thread-4] 2018-05-25 18:42:15,175 repast.simphony.batch.ssh.LocalSession - -15537.20201198607, -15.080950421198185 
INFO  [Thread-4] 2018-05-25 18:42:16,769 repast.simphony.batch.ssh.LocalSession - 61567.05411708135
INFO  [Thread-4] 2018-05-25 18:42:17,544 repast.simphony.batch.ssh.LocalSession - -629.9575348756653, -12.247581630687508 
INFO  [Thread-4] 2018-05-25 18:42:18,068 repast.simphony.batch.ssh.LocalSession - 0.0, 0.0 
INFO  [Thread-4] 2018-05-25 18:42:18,636 repast.simphony.batch.ssh.LocalSession - 
INFO  [Thread-4] 2018-05-25 18:42:19,199 repast.simphony.batch.ssh.LocalSession - -9856.247606823581, -9.039073292108577 
INFO  [Thread-4] 2018-05-25 18:42:19,199 repast.simphony.batch.ssh.LocalSession - 61567.05411708135
INFO  [Thread-4] 2018-05-25 18:42:20,004 repast.simphony.batch.ssh.LocalSession - -399.622624506578, -7.340836281462385 
INFO  [Thread-4] 2018-05-25 18:42:21,601 repast.simphony.batch.ssh.LocalSession - 0.0, 0.0 
INFO  [Thread-4] 2018-05-25 18:42:21,601 repast.simphony.batch.ssh.LocalSession - 
INFO  [Thread-4] 2018-05-25 18:42:22,419 repast.simphony.batch.ssh.LocalSession - 34720.111622439625, 20.110976297380972 
INFO  [Thread-4] 2018-05-25 18:42:24,451 repast.simphony.batch.ssh.LocalSession - 61567.05411708135
INFO  [Thread-4] 2018-05-25 18:42:26,046 repast.simphony.batch.ssh.LocalSession - 1407.7306783683987, 16.332579644899173 
INFO  [Thread-4] 2018-05-25 18:42:26,046 repast.simphony.batch.ssh.LocalSession - 1407.7306783683987, 16.332579644899173 
INFO  [pool-2-thread-1] 2018-05-25 18:42:26,046 repast.simphony.batch.ssh.LocalDonePoller - Polled /var/folders/pg/j9dh8h4n3c570h5_drmry24h0000gn/T/simphony_model_1527291347846 for DONE:  no
INFO  [Thread-4] 2018-05-25 18:42:26,046 repast.simphony.batch.ssh.LocalSession - 
INFO  [Thread-4] 2018-05-25 18:42:26,822 repast.simphony.batch.ssh.LocalSession - 5610.963749851142, 3.6918584303870094 
INFO  [Thread-4] 2018-05-25 18:42:26,822 repast.simphony.batch.ssh.LocalSession - 61567.05411708135
INFO  [Thread-4] 2018-05-25 18:42:26,822 repast.simphony.batch.ssh.LocalSession - 227.4971316847234, 2.9982419033451277 
INFO  [Thread-4] 2018-05-25 18:42:27,854 repast.simphony.batch.ssh.LocalSession - 227.4971316847234, 2.9982419033451277 
INFO  [Thread-4] 2018-05-25 18:42:28,373 repast.simphony.batch.ssh.LocalSession - 
INFO  [Thread-4] 2018-05-25 18:42:28,373 repast.simphony.batch.ssh.LocalSession - 34371.38506735682, 20.150415872731752 
INFO  [Thread-4] 2018-05-25 18:42:28,373 repast.simphony.batch.ssh.LocalSession - 61567.05411708135
INFO  [Thread-4] 2018-05-25 18:42:28,373 repast.simphony.batch.ssh.LocalSession - 1393.5915225013275, 16.364609417897388 
INFO  [Thread-4] 2018-05-25 18:42:29,673 repast.simphony.batch.ssh.LocalSession - 1393.5915225013275, 16.364609417897388 
INFO  [Thread-4] 2018-05-25 18:42:30,689 repast.simphony.batch.ssh.LocalSession - 
INFO  [Thread-4] 2018-05-25 18:42:30,689 repast.simphony.batch.ssh.LocalSession - 64723.22871196004, 35.220073526836934 
INFO  [Thread-4] 2018-05-25 18:42:31,467 repast.simphony.batch.ssh.LocalSession - 61567.05411708135
INFO  [Thread-4] 2018-05-25 18:42:32,605 repast.simphony.batch.ssh.LocalSession - 2624.2103035750106, 28.60301993649016 
INFO  [Thread-4] 2018-05-25 18:42:33,147 repast.simphony.batch.ssh.LocalSession - 2624.2103035750106, 28.60301993649016 
INFO  [Thread-4] 2018-05-25 18:42:33,147 repast.simphony.batch.ssh.LocalSession - 
INFO  [Thread-4] 2018-05-25 18:42:33,924 repast.simphony.batch.ssh.LocalSession - 48338.231125411985, 26.31301209494369 
INFO  [Thread-4] 2018-05-25 18:42:35,416 repast.simphony.batch.ssh.LocalSession - 61567.05411708135
INFO  [Thread-4] 2018-05-25 18:42:35,948 repast.simphony.batch.ssh.LocalSession - 1959.8788054968613, 21.369393478616455 
INFO  [Thread-4] 2018-05-25 18:42:35,948 repast.simphony.batch.ssh.LocalSession - 1959.8788054968613, 21.369393478616455 
INFO  [Thread-4] 2018-05-25 18:42:35,948 repast.simphony.batch.ssh.LocalSession - 
INFO  [Thread-4] 2018-05-25 18:42:36,716 repast.simphony.batch.ssh.LocalSession - 34831.849713461, 19.941825888628568 
INFO  [Thread-4] 2018-05-25 18:42:37,839 repast.simphony.batch.ssh.LocalSession - 61567.05411708135
INFO  [Thread-4] 2018-05-25 18:42:38,350 repast.simphony.batch.ssh.LocalSession - 1412.2611113457929, 16.19520876433801 
INFO  [Thread-4] 2018-05-25 18:42:38,350 repast.simphony.batch.ssh.LocalSession - 1412.2611113457929, 16.19520876433801 
INFO  [Thread-4] 2018-05-25 18:42:38,350 repast.simphony.batch.ssh.LocalSession - 
INFO  [Thread-4] 2018-05-25 18:42:39,664 repast.simphony.batch.ssh.LocalSession - 34239.84963340259, 19.62651466441223 
INFO  [Thread-4] 2018-05-25 18:42:40,763 repast.simphony.batch.ssh.LocalSession - 61567.05411708135
INFO  [Thread-4] 2018-05-25 18:42:41,566 repast.simphony.batch.ssh.LocalSession - 1388.2584041149742, 15.939137372959825 
INFO  [Thread-4] 2018-05-25 18:42:42,605 repast.simphony.batch.ssh.LocalSession - 1388.2584041149742, 15.939137372959825 
INFO  [Thread-4] 2018-05-25 18:42:43,110 repast.simphony.batch.ssh.LocalSession - 
INFO  [Thread-4] 2018-05-25 18:42:43,110 repast.simphony.batch.ssh.LocalSession - 17496.795988724454, 11.408413319519795 
INFO  [Thread-4] 2018-05-25 18:42:43,110 repast.simphony.batch.ssh.LocalSession - 61567.05411708135
INFO  [Thread-4] 2018-05-25 18:42:43,938 repast.simphony.batch.ssh.LocalSession - 709.4094844603458, 9.265031016283928 
INFO  [Thread-4] 2018-05-25 18:42:45,315 repast.simphony.batch.ssh.LocalSession - 709.4094844603458, 9.265031016283928 
INFO  [Thread-4] 2018-05-25 18:42:46,862 repast.simphony.batch.ssh.LocalSession - 
INFO  [Thread-4] 2018-05-25 18:42:48,270 repast.simphony.batch.ssh.LocalSession - 15700.155756537215, 10.325520669702245 
INFO  [Thread-4] 2018-05-25 18:42:48,817 repast.simphony.batch.ssh.LocalSession - 61567.05411708135
INFO  [Thread-4] 2018-05-25 18:42:48,817 repast.simphony.batch.ssh.LocalSession - 636.5645120609399, 8.385589352761885 
INFO  [Thread-4] 2018-05-25 18:42:48,817 repast.simphony.batch.ssh.LocalSession - 636.5645120609399, 8.385589352761885 
INFO  [Thread-4] 2018-05-25 18:42:48,817 repast.simphony.batch.ssh.LocalSession - 
INFO  [Thread-4] 2018-05-25 18:42:50,623 repast.simphony.batch.ssh.LocalSession - -8394.577753053065, -7.631434320957331 
INFO  [Thread-4] 2018-05-25 18:42:51,132 repast.simphony.batch.ssh.LocalSession - 61567.05411708135
INFO  [Thread-4] 2018-05-25 18:42:51,132 repast.simphony.batch.ssh.LocalSession - -340.3590623045154, -6.197660770356757 
INFO  [Thread-4] 2018-05-25 18:42:51,885 repast.simphony.batch.ssh.LocalSession - 0.0, 0.0 
INFO  [Thread-4] 2018-05-25 18:42:52,894 repast.simphony.batch.ssh.LocalSession - 
INFO  [Thread-4] 2018-05-25 18:42:53,405 repast.simphony.batch.ssh.LocalSession - 11614.09105264188, 8.060711433438682 
INFO  [Thread-4] 2018-05-25 18:42:53,405 repast.simphony.batch.ssh.LocalSession - 61567.05411708135
INFO  [Thread-4] 2018-05-25 18:42:53,405 repast.simphony.batch.ssh.LocalSession - 470.89457700940125, 6.54628644251008 
INFO  [Thread-4] 2018-05-25 18:42:54,657 repast.simphony.batch.ssh.LocalSession - 470.89457700940125, 6.54628644251008 
INFO  [Thread-4] 2018-05-25 18:42:55,166 repast.simphony.batch.ssh.LocalSession - 
INFO  [Thread-4] 2018-05-25 18:42:55,666 repast.simphony.batch.ssh.LocalSession - 487104.6341430139, 242.3264205762482 
INFO  [Thread-4] 2018-05-25 18:42:55,666 repast.simphony.batch.ssh.LocalSession - 61567.05411708135
INFO  [Thread-4] 2018-05-25 18:42:55,666 repast.simphony.batch.ssh.LocalSession - 19749.7100388168, 196.79877821945067 
INFO  [Thread-4] 2018-05-25 18:42:55,666 repast.simphony.batch.ssh.LocalSession - 19749.7100388168, 196.79877821945067 
INFO  [Thread-4] 2018-05-25 18:42:57,533 repast.simphony.batch.ssh.LocalSession - 
INFO  [Thread-4] 2018-05-25 18:42:58,034 repast.simphony.batch.ssh.LocalSession - 18059.93761646487, 11.888175270956221 
INFO  [Thread-4] 2018-05-25 18:42:58,034 repast.simphony.batch.ssh.LocalSession - 61567.05411708135
INFO  [Thread-4] 2018-05-25 18:42:58,035 repast.simphony.batch.ssh.LocalSession - 732.2421226228379, 9.654656570337616 
INFO  [Thread-4] 2018-05-25 18:42:59,301 repast.simphony.batch.ssh.LocalSession - 732.2421226228379, 9.654656570337616 
INFO  [Thread-4] 2018-05-25 18:43:00,321 repast.simphony.batch.ssh.LocalSession - 
INFO  [Thread-4] 2018-05-25 18:43:00,321 repast.simphony.batch.ssh.LocalSession - 2661.739469939181, 2.047491899953217 
INFO  [Thread-4] 2018-05-25 18:43:00,321 repast.simphony.batch.ssh.LocalSession - 61567.05411708135
INFO  [Thread-4] 2018-05-25 18:43:01,903 repast.simphony.batch.ssh.LocalSession - 107.92051449614954, 1.6628145761688753 
INFO  [Thread-4] 2018-05-25 18:43:02,527 repast.simphony.batch.ssh.LocalSession - 107.92051449614954, 1.6628145761688753 
INFO  [Thread-4] 2018-05-25 18:43:03,140 repast.simphony.batch.ssh.LocalSession - 
INFO  [Thread-4] 2018-05-25 18:43:03,140 repast.simphony.batch.ssh.LocalSession - -12318.320329297894, -11.731733646950378 
INFO  [Thread-4] 2018-05-25 18:43:04,588 repast.simphony.batch.ssh.LocalSession - 61567.05411708135
INFO  [Thread-4] 2018-05-25 18:43:05,840 repast.simphony.batch.ssh.LocalSession - -499.44762914628257, -9.527606781900166 
INFO  [Thread-4] 2018-05-25 18:43:05,840 repast.simphony.batch.ssh.LocalSession - 0.0, 0.0 
INFO  [Thread-4] 2018-05-25 18:43:05,840 repast.simphony.batch.ssh.LocalSession - 
INFO  [Thread-4] 2018-05-25 18:43:06,597 repast.simphony.batch.ssh.LocalSession - 30100.149546533954, 16.916323940652326 
INFO  [Thread-4] 2018-05-25 18:43:07,611 repast.simphony.batch.ssh.LocalSession - 61567.05411708135
INFO  [Thread-4] 2018-05-25 18:43:09,419 repast.simphony.batch.ssh.LocalSession - 1220.4138166637363, 13.738130062616564 
INFO  [Thread-4] 2018-05-25 18:43:09,973 repast.simphony.batch.ssh.LocalSession - 1220.4138166637363, 13.738130062616564 
INFO  [Thread-4] 2018-05-25 18:43:10,536 repast.simphony.batch.ssh.LocalSession - 
INFO  [Thread-4] 2018-05-25 18:43:10,536 repast.simphony.batch.ssh.LocalSession - 24417.79979852478, 14.257518976828091 
INFO  [Thread-4] 2018-05-25 18:43:10,536 repast.simphony.batch.ssh.LocalSession - 61567.05411708135
INFO  [Thread-4] 2018-05-25 18:43:11,945 repast.simphony.batch.ssh.LocalSession - 990.0223319681181, 11.578854292520422 
INFO  [Thread-4] 2018-05-25 18:43:12,965 repast.simphony.batch.ssh.LocalSession - 990.0223319681181, 11.578854292520422 
INFO  [Thread-4] 2018-05-25 18:43:12,965 repast.simphony.batch.ssh.LocalSession - 
INFO  [Thread-4] 2018-05-25 18:43:12,965 repast.simphony.batch.ssh.LocalSession - 781159.4466785173, 377.81483685369835 
INFO  [Thread-4] 2018-05-25 18:43:12,965 repast.simphony.batch.ssh.LocalSession - 61567.05411708135
INFO  [Thread-4] 2018-05-25 18:43:14,796 repast.simphony.batch.ssh.LocalSession - 31672.19419524907, 306.83199177859984 
INFO  [Thread-4] 2018-05-25 18:43:15,305 repast.simphony.batch.ssh.LocalSession - 31672.19419524907, 306.83199177859984 
INFO  [Thread-4] 2018-05-25 18:43:15,305 repast.simphony.batch.ssh.LocalSession - 
INFO  [Thread-4] 2018-05-25 18:43:15,305 repast.simphony.batch.ssh.LocalSession - -9305.939635352437, -8.45994512304767 
INFO  [Thread-4] 2018-05-25 18:43:16,572 repast.simphony.batch.ssh.LocalSession - 61567.05411708135
INFO  [Thread-4] 2018-05-25 18:43:17,586 repast.simphony.batch.ssh.LocalSession - -377.3103283246173, -6.870513170046671 
INFO  [Thread-4] 2018-05-25 18:43:17,587 repast.simphony.batch.ssh.LocalSession - 0.0, 0.0 
INFO  [Thread-4] 2018-05-25 18:43:17,587 repast.simphony.batch.ssh.LocalSession - 
INFO  [Thread-4] 2018-05-25 18:43:18,892 repast.simphony.batch.ssh.LocalSession - 5093.558707220201, 3.773006449792741 
INFO  [Thread-4] 2018-05-25 18:43:19,953 repast.simphony.batch.ssh.LocalSession - 61567.05411708135
INFO  [Thread-4] 2018-05-25 18:43:20,727 repast.simphony.batch.ssh.LocalSession - 206.51888830881956, 3.064144049037703 
INFO  [Thread-4] 2018-05-25 18:43:21,277 repast.simphony.batch.ssh.LocalSession - 206.51888830881956, 3.064144049037703 
INFO  [Thread-4] 2018-05-25 18:43:22,375 repast.simphony.batch.ssh.LocalSession - 
INFO  [Thread-4] 2018-05-25 18:43:22,375 repast.simphony.batch.ssh.LocalSession - 881360.2278802585, 420.54717514599446 
INFO  [Thread-4] 2018-05-25 18:43:23,139 repast.simphony.batch.ssh.LocalSession - 61567.05411708135
INFO  [Thread-4] 2018-05-25 18:43:24,660 repast.simphony.batch.ssh.LocalSession - 35734.84569902495, 341.53589218857604 
INFO  [Thread-4] 2018-05-25 18:43:24,660 repast.simphony.batch.ssh.LocalSession - 35734.84569902495, 341.53589218857604 
INFO  [Thread-4] 2018-05-25 18:43:24,660 repast.simphony.batch.ssh.LocalSession - 
INFO  [Thread-4] 2018-05-25 18:43:25,414 repast.simphony.batch.ssh.LocalSession - 4887.158978239257, 4.384176870720501 
INFO  [Thread-4] 2018-05-25 18:43:26,431 repast.simphony.batch.ssh.LocalSession - 59545.40092130506
INFO  [Thread-4] 2018-05-25 18:43:26,936 repast.simphony.batch.ssh.LocalSession - 218.07623166964814, 3.6813732067356555 
INFO  [Thread-4] 2018-05-25 18:43:26,936 repast.simphony.batch.ssh.LocalSession - 218.07623166964814, 3.6813732067356555 
INFO  [Thread-4] 2018-05-25 18:43:26,937 repast.simphony.batch.ssh.LocalSession - 
INFO  [Thread-4] 2018-05-25 18:43:28,210 repast.simphony.batch.ssh.LocalSession - 
INFO  [Thread-4] 2018-05-25 18:43:29,224 repast.simphony.batch.ssh.LocalSession - 21846.241187953125, 13.24537996059273 
INFO  [Thread-4] 2018-05-25 18:43:29,224 repast.simphony.batch.ssh.LocalSession - 61567.05411708135
INFO  [Thread-4] 2018-05-25 18:43:29,224 repast.simphony.batch.ssh.LocalSession - 885.7582101619978, 10.756873258386008 
INFO  [Thread-4] 2018-05-25 18:43:30,497 repast.simphony.batch.ssh.LocalSession - 885.7582101619978, 10.756873258386008 
INFO  [Thread-4] 2018-05-25 18:43:30,497 repast.simphony.batch.ssh.LocalSession - 
INFO  [Thread-4] 2018-05-25 18:43:30,497 repast.simphony.batch.ssh.LocalSession - 38510.69607686789, 21.02034084660246 
INFO  [Thread-4] 2018-05-25 18:43:30,497 repast.simphony.batch.ssh.LocalSession - 61567.05411708135
INFO  [Thread-4] 2018-05-25 18:43:30,497 repast.simphony.batch.ssh.LocalSession - 1561.42033476905, 17.071095205098104 
INFO  [Thread-4] 2018-05-25 18:43:31,538 repast.simphony.batch.ssh.LocalSession - 1561.42033476905, 17.071095205098104 
INFO  [pool-2-thread-1] 2018-05-25 18:43:30,497 repast.simphony.batch.ssh.LocalDonePoller - Polled /var/folders/pg/j9dh8h4n3c570h5_drmry24h0000gn/T/simphony_model_1527291347846 for DONE:  no
INFO  [Thread-4] 2018-05-25 18:43:32,847 repast.simphony.batch.ssh.LocalSession - 
INFO  [Thread-4] 2018-05-25 18:43:33,854 repast.simphony.batch.ssh.LocalSession - 880460.8457047178, 423.88188488183334 
INFO  [Thread-4] 2018-05-25 18:43:34,623 repast.simphony.batch.ssh.LocalSession - 59545.40092130506
INFO  [Thread-4] 2018-05-25 18:43:35,629 repast.simphony.batch.ssh.LocalSession - 39288.18035568238, 355.93167425477054 
INFO  [Thread-4] 2018-05-25 18:43:36,144 repast.simphony.batch.ssh.LocalSession - 39288.18035568238, 355.93167425477054 
INFO  [Thread-4] 2018-05-25 18:43:36,144 repast.simphony.batch.ssh.LocalSession - 
INFO  [Thread-4] 2018-05-25 18:43:36,144 repast.simphony.batch.ssh.LocalSession - -2182.9733196225757, -1.8191444330188133 
INFO  [Thread-4] 2018-05-25 18:43:37,404 repast.simphony.batch.ssh.LocalSession - 61567.05411708135
INFO  [Thread-4] 2018-05-25 18:43:38,406 repast.simphony.batch.ssh.LocalSession - -88.50888918531867, -1.4773684230200193 
INFO  [Thread-4] 2018-05-25 18:43:38,407 repast.simphony.batch.ssh.LocalSession - 0.0, 0.0 
INFO  [Thread-4] 2018-05-25 18:43:38,407 repast.simphony.batch.ssh.LocalSession - 
INFO  [Thread-4] 2018-05-25 18:43:38,407 repast.simphony.batch.ssh.LocalSession - 12377.389560198468, 8.222110174397761 
INFO  [Thread-4] 2018-05-25 18:43:39,659 repast.simphony.batch.ssh.LocalSession - 61567.05411708135
INFO  [Thread-4] 2018-05-25 18:43:40,672 repast.simphony.batch.ssh.LocalSession - 501.8425974974967, 6.677362017973013 
INFO  [Thread-4] 2018-05-25 18:43:40,672 repast.simphony.batch.ssh.LocalSession - 501.8425974974967, 6.677362017973013 
INFO  [Thread-4] 2018-05-25 18:43:41,429 repast.simphony.batch.ssh.LocalSession - 
INFO  [Thread-4] 2018-05-25 18:43:42,947 repast.simphony.batch.ssh.LocalSession - 16672.94778479384, 11.902258426820786 
INFO  [Thread-4] 2018-05-25 18:43:42,948 repast.simphony.batch.ssh.LocalSession - 59545.40092130506
INFO  [Thread-4] 2018-05-25 18:43:42,948 repast.simphony.batch.ssh.LocalSession - 743.9851332691073, 9.994271801571006 
INFO  [Thread-4] 2018-05-25 18:43:43,710 repast.simphony.batch.ssh.LocalSession - 743.9851332691073, 9.994271801571006 
INFO  [Thread-4] 2018-05-25 18:43:45,223 repast.simphony.batch.ssh.LocalSession - 
INFO  [Thread-4] 2018-05-25 18:43:45,223 repast.simphony.batch.ssh.LocalSession - 17889.66241487632, 14.236057583727623 
INFO  [Thread-4] 2018-05-25 18:43:45,223 repast.simphony.batch.ssh.LocalSession - 59545.40092130506
INFO  [Thread-4] 2018-05-25 18:43:46,473 repast.simphony.batch.ssh.LocalSession - 798.2777279498133, 11.953952247749523 
INFO  [Thread-4] 2018-05-25 18:43:47,478 repast.simphony.batch.ssh.LocalSession - 798.2777279498133, 11.953952247749523 
INFO  [Thread-4] 2018-05-25 18:43:47,478 repast.simphony.batch.ssh.LocalSession - 
INFO  [Thread-4] 2018-05-25 18:43:49,232 repast.simphony.batch.ssh.LocalSession - 39718.77569819024, 22.792385660587907 
INFO  [Thread-4] 2018-05-25 18:43:49,737 repast.simphony.batch.ssh.LocalSession - 8137.02212247471, 9.381437574719117 
INFO  [Thread-4] 2018-05-25 18:43:50,490 repast.simphony.batch.ssh.LocalSession - 59545.40092130506
INFO  [Thread-4] 2018-05-25 18:43:50,993 repast.simphony.batch.ssh.LocalSession - 363.0925716521625, 7.877550095865157 
INFO  [Thread-4] 2018-05-25 18:43:52,516 repast.simphony.batch.ssh.LocalSession - 363.0925716521625, 7.877550095865157 
INFO  [Thread-4] 2018-05-25 18:43:52,516 repast.simphony.batch.ssh.LocalSession - 
INFO  [Thread-4] 2018-05-25 18:43:53,763 repast.simphony.batch.ssh.LocalSession - -1697.245161205003, 1.068187092919523 
INFO  [Thread-4] 2018-05-25 18:43:54,770 repast.simphony.batch.ssh.LocalSession - 59545.40092130506
INFO  [Thread-4] 2018-05-25 18:43:55,519 repast.simphony.batch.ssh.LocalSession - -75.73496803013381, 0.8969518018118933 
INFO  [Thread-4] 2018-05-25 18:43:56,541 repast.simphony.batch.ssh.LocalSession - 0.0, 0.8969518018118933 
INFO  [Thread-4] 2018-05-25 18:43:57,545 repast.simphony.batch.ssh.LocalSession - 
INFO  [Thread-4] 2018-05-25 18:43:58,044 repast.simphony.batch.ssh.LocalSession - 61567.05411708135
INFO  [Thread-4] 2018-05-25 18:43:58,044 repast.simphony.batch.ssh.LocalSession - 1610.4020535878346, 18.510212960038572 
INFO  [Thread-4] 2018-05-25 18:43:58,797 repast.simphony.batch.ssh.LocalSession - 1610.4020535878346, 18.510212960038572 
INFO  [Thread-4] 2018-05-25 18:44:00,822 repast.simphony.batch.ssh.LocalSession - 
INFO  [Thread-4] 2018-05-25 18:44:01,579 repast.simphony.batch.ssh.LocalSession - 58660.77950031746, 35.83199372398546 
INFO  [Thread-4] 2018-05-25 18:44:02,580 repast.simphony.batch.ssh.LocalSession - 59545.40092130506
INFO  [Thread-4] 2018-05-25 18:44:03,588 repast.simphony.batch.ssh.LocalSession - 2617.578392107527, 30.087960757322694 
INFO  [Thread-4] 2018-05-25 18:44:04,094 repast.simphony.batch.ssh.LocalSession - 2617.578392107527, 30.087960757322694 
INFO  [Thread-4] 2018-05-25 18:44:05,354 repast.simphony.batch.ssh.LocalSession - 
INFO  [Thread-4] 2018-05-25 18:44:06,870 repast.simphony.batch.ssh.LocalSession - -1847.737357731916, 0.7134590813495545 
INFO  [Thread-4] 2018-05-25 18:44:08,604 repast.simphony.batch.ssh.LocalSession - 59545.40092130506
INFO  [Thread-4] 2018-05-25 18:44:08,604 repast.simphony.batch.ssh.LocalSession - -82.45027466542179, 0.5990883177463687 
INFO  [Thread-4] 2018-05-25 18:44:10,862 repast.simphony.batch.ssh.LocalSession - 0.0, 0.5990883177463687 
INFO  [Thread-4] 2018-05-25 18:44:11,875 repast.simphony.batch.ssh.LocalSession - 
INFO  [Thread-4] 2018-05-25 18:44:11,875 repast.simphony.batch.ssh.LocalSession - 780495.679882409, 389.4564500090493 
INFO  [Thread-4] 2018-05-25 18:44:13,124 repast.simphony.batch.ssh.LocalSession - 59545.40092130506
INFO  [Thread-4] 2018-05-25 18:44:13,124 repast.simphony.batch.ssh.LocalSession - 34827.50560419012, 327.02479451247063 
INFO  [Thread-4] 2018-05-25 18:44:13,124 repast.simphony.batch.ssh.LocalSession - -5862.426450022425, -5.097762130454283 
INFO  [Thread-4] 2018-05-25 18:44:13,124 repast.simphony.batch.ssh.LocalSession - 61567.05411708135
INFO  [Thread-4] 2018-05-25 18:44:13,124 repast.simphony.batch.ssh.LocalSession - -237.69271404188623, -4.140008161475396 
INFO  [Thread-4] 2018-05-25 18:44:13,125 repast.simphony.batch.ssh.LocalSession - 0.0, 0.0 
INFO  [Thread-4] 2018-05-25 18:44:13,125 repast.simphony.batch.ssh.LocalSession - 
INFO  [Thread-4] 2018-05-25 18:44:13,125 repast.simphony.batch.ssh.LocalSession - 34827.50560419012, 327.02479451247063 
INFO  [Thread-4] 2018-05-25 18:44:13,125 repast.simphony.batch.ssh.LocalSession - 
INFO  [Thread-4] 2018-05-25 18:44:13,125 repast.simphony.batch.ssh.LocalSession - 5460.343337402292, 6.599196346725238 
INFO  [Thread-4] 2018-05-25 18:44:13,125 repast.simphony.batch.ssh.LocalSession - 59545.40092130506
INFO  [Thread-4] 2018-05-25 18:44:13,125 repast.simphony.batch.ssh.LocalSession - 243.65303112610678, 5.541314899740709 
INFO  [Thread-4] 2018-05-25 18:44:13,125 repast.simphony.batch.ssh.LocalSession - 243.65303112610678, 5.541314899740709 
INFO  [Thread-4] 2018-05-25 18:44:13,125 repast.simphony.batch.ssh.LocalSession - 
INFO  [Thread-4] 2018-05-25 18:44:13,125 repast.simphony.batch.ssh.LocalSession - -12850.389989652358, -12.238466656811772 
INFO  [Thread-4] 2018-05-25 18:44:13,125 repast.simphony.batch.ssh.LocalSession - 61567.05411708135
INFO  [Thread-4] 2018-05-25 18:44:13,125 repast.simphony.batch.ssh.LocalSession - 100517.29669064318, 52.92113430389608 
INFO  [Thread-4] 2018-05-25 18:44:13,125 repast.simphony.batch.ssh.LocalSession - 59545.40092130506
INFO  [Thread-4] 2018-05-25 18:44:13,125 repast.simphony.batch.ssh.LocalSession - 4485.312095947601, 44.43763370897143 
INFO  [Thread-4] 2018-05-25 18:44:13,125 repast.simphony.batch.ssh.LocalSession - 4485.312095947601, 44.43763370897143 
INFO  [Thread-4] 2018-05-25 18:44:13,125 repast.simphony.batch.ssh.LocalSession - 
INFO  [Thread-4] 2018-05-25 18:44:13,125 repast.simphony.batch.ssh.LocalSession - -521.0204510327752, -9.939136143771004 
INFO  [Thread-4] 2018-05-25 18:44:13,125 repast.simphony.batch.ssh.LocalSession - 0.0, 0.0 
INFO  [Thread-4] 2018-05-25 18:44:14,095 repast.simphony.batch.ssh.LocalSession - 
INFO  [Thread-4] 2018-05-25 18:44:14,095 repast.simphony.batch.ssh.LocalSession - 6601.905544901359, 4.743534516071247 
INFO  [Thread-4] 2018-05-25 18:44:14,095 repast.simphony.batch.ssh.LocalSession - 61567.05411708135
INFO  [Thread-4] 2018-05-25 18:44:14,095 repast.simphony.batch.ssh.LocalSession - 267.67497386850437, 3.8523318876444237 
INFO  [Thread-4] 2018-05-25 18:44:14,095 repast.simphony.batch.ssh.LocalSession - 267.67497386850437, 3.8523318876444237 
INFO  [Thread-4] 2018-05-25 18:44:14,095 repast.simphony.batch.ssh.LocalSession - 
INFO  [Thread-4] 2018-05-25 18:44:14,095 repast.simphony.batch.ssh.LocalSession - 35153.992662324774, 20.15924865377447 
INFO  [Thread-4] 2018-05-25 18:44:14,095 repast.simphony.batch.ssh.LocalSession - 61567.05411708135
INFO  [Thread-4] 2018-05-25 18:44:14,095 repast.simphony.batch.ssh.LocalSession - 1425.322432025491, 16.371782719567726 
INFO  [Thread-4] 2018-05-25 18:44:14,095 repast.simphony.batch.ssh.LocalSession - 1425.322432025491, 16.371782719567726 
INFO  [Thread-4] 2018-05-25 18:44:14,095 repast.simphony.batch.ssh.LocalSession - 
INFO  [Thread-4] 2018-05-25 18:44:14,095 repast.simphony.batch.ssh.LocalSession - 35876.746040357415, 20.971150646008894 
INFO  [Thread-4] 2018-05-25 18:44:14,095 repast.simphony.batch.ssh.LocalSession - 61567.05411708135
INFO  [Thread-4] 2018-05-25 18:44:14,095 repast.simphony.batch.ssh.LocalSession - 352754.7710396724, 189.0944011816496 
INFO  [Thread-4] 2018-05-25 18:44:14,095 repast.simphony.batch.ssh.LocalSession - 59545.40092130506
INFO  [Thread-4] 2018-05-25 18:44:14,095 repast.simphony.batch.ssh.LocalSession - 15740.726158971129, 158.78170123630198 
INFO  [Thread-4] 2018-05-25 18:44:14,095 repast.simphony.batch.ssh.LocalSession - 15740.726158971129, 158.78170123630198 
INFO  [Thread-4] 2018-05-25 18:44:14,095 repast.simphony.batch.ssh.LocalSession - 
INFO  [Thread-4] 2018-05-25 18:44:14,095 repast.simphony.batch.ssh.LocalSession - -9164.72939158314, -6.884416444171873 
INFO  [Thread-4] 2018-05-25 18:44:14,095 repast.simphony.batch.ssh.LocalSession - 59545.40092130506
INFO  [Thread-4] 2018-05-25 18:44:14,095 repast.simphony.batch.ssh.LocalSession - -408.9512248092605, -5.780812907171695 
INFO  [Thread-4] 2018-05-25 18:44:14,600 repast.simphony.batch.ssh.LocalSession - 0.0, 0.0 
INFO  [Thread-4] 2018-05-25 18:44:14,600 repast.simphony.batch.ssh.LocalSession - 
INFO  [Thread-4] 2018-05-25 18:44:14,600 repast.simphony.batch.ssh.LocalSession - -10391.222953624136, -6.976851730196861 
INFO  [Thread-4] 2018-05-25 18:44:14,600 repast.simphony.batch.ssh.LocalSession - 59545.40092130506
INFO  [Thread-4] 2018-05-25 18:44:14,600 repast.simphony.batch.ssh.LocalSession - -463.6801778406488, -5.858430392816935 
INFO  [Thread-4] 2018-05-25 18:44:14,600 repast.simphony.batch.ssh.LocalSession - 0.0, 0.0 
INFO  [Thread-4] 2018-05-25 18:44:14,600 repast.simphony.batch.ssh.LocalSession - 
INFO  [Thread-4] 2018-05-25 18:44:14,600 repast.simphony.batch.ssh.LocalSession - 1454.626545854819, 17.031146728352716 
INFO  [Thread-4] 2018-05-25 18:44:14,600 repast.simphony.batch.ssh.LocalSession - 1454.626545854819, 17.031146728352716 
INFO  [Thread-4] 2018-05-25 18:44:14,600 repast.simphony.batch.ssh.LocalSession - 
INFO  [Thread-4] 2018-05-25 18:44:14,600 repast.simphony.batch.ssh.LocalSession - 580875.3097147907, 307.71362309262827 
INFO  [Thread-4] 2018-05-25 18:44:14,600 repast.simphony.batch.ssh.LocalSession - 59545.40092130506
INFO  [Thread-4] 2018-05-25 18:44:14,601 repast.simphony.batch.ssh.LocalSession - 25919.987292531197, 258.3857177309976 
INFO  [Thread-4] 2018-05-25 18:44:14,601 repast.simphony.batch.ssh.LocalSession - 25919.987292531197, 258.3857177309976 
INFO  [Thread-4] 2018-05-25 18:44:14,601 repast.simphony.batch.ssh.LocalSession - 
INFO  [Thread-4] 2018-05-25 18:44:14,601 repast.simphony.batch.ssh.LocalSession - 72480.69104543503, 40.26705058079724 
INFO  [Thread-4] 2018-05-25 18:44:15,107 repast.simphony.batch.ssh.LocalSession - 61567.05411708135
INFO  [Thread-4] 2018-05-25 18:44:15,107 repast.simphony.batch.ssh.LocalSession - 2938.7374523317026, 32.701784386355286 
INFO  [Thread-4] 2018-05-25 18:44:15,107 repast.simphony.batch.ssh.LocalSession - 2938.7374523317026, 32.701784386355286 
INFO  [Thread-4] 2018-05-25 18:44:15,107 repast.simphony.batch.ssh.LocalSession - 
INFO  [Thread-4] 2018-05-25 18:44:15,107 repast.simphony.batch.ssh.LocalSession - 452065.7866826665, 233.29985594791663 
INFO  [Thread-4] 2018-05-25 18:44:15,107 repast.simphony.batch.ssh.LocalSession - 59545.40092130506
INFO  [Thread-4] 2018-05-25 18:44:15,107 repast.simphony.batch.ssh.LocalSession - 20172.21123059291, 195.9008188191097 
INFO  [Thread-4] 2018-05-25 18:44:15,107 repast.simphony.batch.ssh.LocalSession - 20172.21123059291, 195.9008188191097 
INFO  [Thread-4] 2018-05-25 18:44:15,107 repast.simphony.batch.ssh.LocalSession - 
INFO  [Thread-4] 2018-05-25 18:44:15,609 repast.simphony.batch.ssh.LocalSession - -10569.059527683328, -5.779706113641348 
INFO  [Thread-4] 2018-05-25 18:44:15,609 repast.simphony.batch.ssh.LocalSession - 59545.40092130506
INFO  [Thread-4] 2018-05-25 18:44:15,609 repast.simphony.batch.ssh.LocalSession - -471.61565325623303, -4.8531927102815065 
INFO  [Thread-4] 2018-05-25 18:44:15,609 repast.simphony.batch.ssh.LocalSession - 0.0, 0.0 
INFO  [Thread-4] 2018-05-25 18:44:15,609 repast.simphony.batch.ssh.LocalSession - 
INFO  [Thread-4] 2018-05-25 18:44:15,609 repast.simphony.batch.ssh.LocalSession - -7953.880507316, -6.498838092799963 
INFO  [Thread-4] 2018-05-25 18:44:15,609 repast.simphony.batch.ssh.LocalSession - 59545.40092130506
INFO  [Thread-4] 2018-05-25 18:44:16,110 repast.simphony.batch.ssh.LocalSession - -354.92037314715435, -5.457044534294764 
INFO  [Thread-4] 2018-05-25 18:44:16,111 repast.simphony.batch.ssh.LocalSession - 0.0, 0.0 
INFO  [Thread-4] 2018-05-25 18:44:16,111 repast.simphony.batch.ssh.LocalSession - 
INFO  [Thread-4] 2018-05-25 18:44:16,111 repast.simphony.batch.ssh.LocalSession - 59397.694477194804, 31.526546166993572 
INFO  [Thread-4] 2018-05-25 18:44:16,111 repast.simphony.batch.ssh.LocalSession - 61567.05411708135
INFO  [Thread-4] 2018-05-25 18:44:16,111 repast.simphony.batch.ssh.LocalSession - 2408.285942429381, 25.60342265770903 
INFO  [Thread-4] 2018-05-25 18:44:16,111 repast.simphony.batch.ssh.LocalSession - 2408.285942429381, 25.60342265770903 
INFO  [Thread-4] 2018-05-25 18:44:16,111 repast.simphony.batch.ssh.LocalSession - 
INFO  [Thread-4] 2018-05-25 18:44:17,899 repast.simphony.batch.ssh.LocalSession - 11496.782765969334, 7.24433432273398 
INFO  [Thread-4] 2018-05-25 18:44:17,899 repast.simphony.batch.ssh.LocalSession - 61567.05411708135
INFO  [Thread-4] 2018-05-25 18:44:17,899 repast.simphony.batch.ssh.LocalSession - 466.1382998472896, 5.883288088591598 
INFO  [Thread-4] 2018-05-25 18:44:17,899 repast.simphony.batch.ssh.LocalSession - 466.1382998472896, 5.883288088591598 
INFO  [Thread-4] 2018-05-25 18:44:17,899 repast.simphony.batch.ssh.LocalSession - 
INFO  [Thread-4] 2018-05-25 18:44:17,899 repast.simphony.batch.ssh.LocalSession - 566306.6997986799, 279.2977051999272 
INFO  [Thread-4] 2018-05-25 18:44:17,899 repast.simphony.batch.ssh.LocalSession - 61567.05411708135
INFO  [Thread-4] 2018-05-25 18:44:17,899 repast.simphony.batch.ssh.LocalSession - 22960.96635118331, 226.82399637701522 
INFO  [Thread-4] 2018-05-25 18:44:17,899 repast.simphony.batch.ssh.LocalSession - 22960.96635118331, 226.82399637701522 
INFO  [Thread-4] 2018-05-25 18:44:18,660 repast.simphony.batch.ssh.LocalSession - 
INFO  [Thread-4] 2018-05-25 18:44:18,660 repast.simphony.batch.ssh.LocalSession - 45730.97324259114, 25.616516323277672 
INFO  [Thread-4] 2018-05-25 18:44:18,660 repast.simphony.batch.ssh.LocalSession - -3106.0124699033645, -1.4486143457721918 
INFO  [Thread-4] 2018-05-25 18:44:18,660 repast.simphony.batch.ssh.LocalSession - 59545.40092130506
INFO  [Thread-4] 2018-05-25 18:44:18,660 repast.simphony.batch.ssh.LocalSession - -138.59739328543318, -1.2163948208919395 
INFO  [Thread-4] 2018-05-25 18:44:19,165 repast.simphony.batch.ssh.LocalSession - 0.0, 0.0 
INFO  [Thread-4] 2018-05-25 18:44:19,165 repast.simphony.batch.ssh.LocalSession - 
INFO  [Thread-4] 2018-05-25 18:44:19,165 repast.simphony.batch.ssh.LocalSession - 23941.367496037168, 14.00479653338299 
INFO  [Thread-4] 2018-05-25 18:44:19,165 repast.simphony.batch.ssh.LocalSession - 59545.40092130506
INFO  [Thread-4] 2018-05-25 18:44:19,662 repast.simphony.batch.ssh.LocalSession - 1068.3186750832933, 11.759763404642845 
INFO  [Thread-4] 2018-05-25 18:44:19,663 repast.simphony.batch.ssh.LocalSession - 1068.3186750832933, 11.759763404642845 
INFO  [Thread-4] 2018-05-25 18:44:19,663 repast.simphony.batch.ssh.LocalSession - 
INFO  [Thread-4] 2018-05-25 18:44:20,174 repast.simphony.batch.ssh.LocalSession - 4037.970899728847, 6.106087134294968 
INFO  [Thread-4] 2018-05-25 18:44:20,174 repast.simphony.batch.ssh.LocalSession - 59545.40092130506
INFO  [Thread-4] 2018-05-25 18:44:20,174 repast.simphony.batch.ssh.LocalSession - 180.18351384219193, 5.1272533561112015 
INFO  [Thread-4] 2018-05-25 18:44:20,681 repast.simphony.batch.ssh.LocalSession - 180.18351384219193, 5.1272533561112015 
INFO  [Thread-4] 2018-05-25 18:44:20,681 repast.simphony.batch.ssh.LocalSession - 
INFO  [Thread-4] 2018-05-25 18:44:20,681 repast.simphony.batch.ssh.LocalSession - 539145.274143906, 290.584831612465 
INFO  [Thread-4] 2018-05-25 18:44:21,191 repast.simphony.batch.ssh.LocalSession - 59545.40092130506
INFO  [Thread-4] 2018-05-25 18:44:21,191 repast.simphony.batch.ssh.LocalSession - 24057.89748836085, 244.00275010029793 
INFO  [Thread-4] 2018-05-25 18:44:21,695 repast.simphony.batch.ssh.LocalSession - 61567.05411708135
INFO  [Thread-4] 2018-05-25 18:44:22,202 repast.simphony.batch.ssh.LocalSession - 1854.167252838931, 20.80375347711378 
INFO  [Thread-4] 2018-05-25 18:44:22,708 repast.simphony.batch.ssh.LocalSession - 1854.167252838931, 20.80375347711378 
INFO  [Thread-4] 2018-05-25 18:44:23,497 repast.simphony.batch.ssh.LocalSession - 
INFO  [Thread-4] 2018-05-25 18:44:24,507 repast.simphony.batch.ssh.LocalSession - 634885.8565054425, 312.74493494937445 
INFO  [Thread-4] 2018-05-25 18:44:24,507 repast.simphony.batch.ssh.LocalSession - 61567.05411708135
INFO  [Thread-4] 2018-05-25 18:44:24,507 repast.simphony.batch.ssh.LocalSession - 25741.51567206594, 253.98724970227667 
INFO  [Thread-4] 2018-05-25 18:44:25,260 repast.simphony.batch.ssh.LocalSession - 25741.51567206594, 253.98724970227667 
INFO  [Thread-4] 2018-05-25 18:44:25,260 repast.simphony.batch.ssh.LocalSession - 
INFO  [Thread-4] 2018-05-25 18:44:26,269 repast.simphony.batch.ssh.LocalSession - 721678.9772478114, 347.8742646496564 
INFO  [Thread-4] 2018-05-25 18:44:28,271 repast.simphony.batch.ssh.LocalSession - 61567.05411708135
INFO  [Thread-4] 2018-05-25 18:44:29,776 repast.simphony.batch.ssh.LocalSession - 29260.552133383062, 282.51657452060965 
INFO  [Thread-4] 2018-05-25 18:44:33,320 repast.simphony.batch.ssh.LocalSession - 29260.552133383062, 282.51657452060965 
INFO  [Thread-4] 2018-05-25 18:44:33,320 repast.simphony.batch.ssh.LocalSession - 
INFO  [Thread-4] 2018-05-25 18:44:36,838 repast.simphony.batch.ssh.LocalSession - 24057.89748836085, 244.00275010029793 
INFO  [Thread-4] 2018-05-25 18:44:40,872 repast.simphony.batch.ssh.LocalSession - 
INFO  [Thread-4] 2018-05-25 18:44:43,382 repast.simphony.batch.ssh.LocalSession - 16432.085002205018, 13.63845800540509 
INFO  [Thread-4] 2018-05-25 18:44:47,427 repast.simphony.batch.ssh.LocalSession - 59545.40092130506
INFO  [Thread-4] 2018-05-25 18:44:49,952 repast.simphony.batch.ssh.LocalSession - 733.2372840155191, 11.452150623210695 
INFO  [pool-2-thread-1] 2018-05-25 18:44:52,484 repast.simphony.batch.ssh.LocalDonePoller - Polled /var/folders/pg/j9dh8h4n3c570h5_drmry24h0000gn/T/simphony_model_1527291347846 for DONE:  no
INFO  [Thread-4] 2018-05-25 18:44:52,484 repast.simphony.batch.ssh.LocalSession - -2700.163680122178, -2.492251263490844 
INFO  [Thread-4] 2018-05-25 18:44:56,039 repast.simphony.batch.ssh.LocalSession - 61567.05411708135
INFO  [Thread-4] 2018-05-25 18:44:57,039 repast.simphony.batch.ssh.LocalSession - -109.47842825100396, -2.024013735293684 
INFO  [Thread-4] 2018-05-25 18:44:59,040 repast.simphony.batch.ssh.LocalSession - 0.0, 0.0 
INFO  [Thread-4] 2018-05-25 18:44:59,546 repast.simphony.batch.ssh.LocalSession - 
INFO  [Thread-4] 2018-05-25 18:45:00,553 repast.simphony.batch.ssh.LocalSession - 733.2372840155191, 11.452150623210695 
INFO  [Thread-4] 2018-05-25 18:45:01,581 repast.simphony.batch.ssh.LocalSession - 
INFO  [Thread-4] 2018-05-25 18:45:02,087 repast.simphony.batch.ssh.LocalSession - 478307.2275598767, 262.3585486705878 
INFO  [Thread-4] 2018-05-25 18:45:02,588 repast.simphony.batch.ssh.LocalSession - 59545.40092130506
INFO  [Thread-4] 2018-05-25 18:45:03,589 repast.simphony.batch.ssh.LocalSession - 21343.164450155582, 220.30126979690652 
INFO  [Thread-4] 2018-05-25 18:45:04,099 repast.simphony.batch.ssh.LocalSession - 21343.164450155582, 220.30126979690652 
INFO  [Thread-4] 2018-05-25 18:45:04,601 repast.simphony.batch.ssh.LocalSession - 
INFO  [Thread-4] 2018-05-25 18:45:05,633 repast.simphony.batch.ssh.LocalSession - 674524.0437040337, 333.4647358429107 
INFO  [Thread-4] 2018-05-25 18:45:06,143 repast.simphony.batch.ssh.LocalSession - 61567.05411708135
INFO  [Thread-4] 2018-05-25 18:45:06,649 repast.simphony.batch.ssh.LocalSession - 27348.650256227327, 270.8142696000727 
INFO  [Thread-4] 2018-05-25 18:45:07,156 repast.simphony.batch.ssh.LocalSession - 27348.650256227327, 270.8142696000727 
INFO  [Thread-4] 2018-05-25 18:45:08,161 repast.simphony.batch.ssh.LocalSession - 
INFO  [Thread-4] 2018-05-25 18:45:08,659 repast.simphony.batch.ssh.LocalSession - 30146.28109927677, 17.458231258156754 
INFO  [Thread-4] 2018-05-25 18:45:09,158 repast.simphony.batch.ssh.LocalSession - 61567.05411708135
INFO  [Thread-4] 2018-05-25 18:45:09,670 repast.simphony.batch.ssh.LocalSession - 1222.2842254557074, 14.17822527691242 
INFO  [Thread-4] 2018-05-25 18:45:10,985 repast.simphony.batch.ssh.LocalSession - 1222.2842254557074, 14.17822527691242 
INFO  [Thread-4] 2018-05-25 18:45:11,500 repast.simphony.batch.ssh.LocalSession - 
INFO  [Thread-4] 2018-05-25 18:45:14,172 repast.simphony.batch.ssh.LocalSession - 9486.801939839219, 7.575376709913229 
INFO  [Thread-4] 2018-05-25 18:45:14,172 repast.simphony.batch.ssh.LocalSession - 59545.40092130506
INFO  [Thread-4] 2018-05-25 18:45:20,102 repast.simphony.batch.ssh.LocalSession - 423.3228398847396, 6.361009072661056 
INFO  [Thread-4] 2018-05-25 18:45:22,476 repast.simphony.batch.ssh.LocalSession - 423.3228398847396, 6.361009072661056 
INFO  [Thread-4] 2018-05-25 18:45:26,408 repast.simphony.batch.ssh.LocalSession - 
INFO  [Thread-4] 2018-05-25 18:45:28,571 repast.simphony.batch.ssh.LocalSession - 812311.7686674695, 391.05574372671197 
